LOGGING STARTED AT: 01-06-2021 10:35:15

01-06-2021 10:35:15 :    Starting game...
01-06-2021 10:35:16 :    Created display...
01-06-2021 10:35:16 :    Attached vertex shader to shader program...
01-06-2021 10:35:16 :    Attached fragment shader to shader program...
01-06-2021 10:35:16 :    Bound attribute position to VAO index 0...
01-06-2021 10:35:16 :    Bound attribute textureCoords to VAO index 1...
01-06-2021 10:35:16 :    Bound all shader attributes to shader program...
01-06-2021 10:35:16 :    Linked and validated shader program...
01-06-2021 10:35:16 :    Accessing uniform variable transformationMatrix...
01-06-2021 10:35:16 :    Retrieved transformationMatrix location : 1
01-06-2021 10:35:16 :    Accessing uniform variable projectionMatrix...
01-06-2021 10:35:16 :    Retrieved projectionMatrix location : 0
01-06-2021 10:35:16 :    Accessing uniform variable viewMatrix...
01-06-2021 10:35:16 :    Retrieved projectionMatrix location : 2
01-06-2021 10:35:16 :    Finished retrieving uniform locations...
01-06-2021 10:35:16 :    Loaded asset src/shaders/vertexShader.glsl...
01-06-2021 10:35:16 :    Loaded asset src/shaders/fragmentShader.glsl...
01-06-2021 10:35:16 :    Attached vertex shader to shader program...
01-06-2021 10:35:16 :    Attached fragment shader to shader program...
01-06-2021 10:35:16 :    Bound attribute position to VAO index 0...
01-06-2021 10:35:16 :    Bound attribute textureCoords to VAO index 1...
01-06-2021 10:35:16 :    Bound all shader attributes to shader program...
01-06-2021 10:35:16 :    Linked and validated shader program...
01-06-2021 10:35:16 :    Accessing uniform variable transformationMatrix...
01-06-2021 10:35:16 :    Retrieved transformationMatrix location : 1
01-06-2021 10:35:16 :    Accessing uniform variable projectionMatrix...
01-06-2021 10:35:16 :    Retrieved projectionMatrix location : 0
01-06-2021 10:35:16 :    Accessing uniform variable viewMatrix...
01-06-2021 10:35:16 :    Retrieved projectionMatrix location : 2
01-06-2021 10:35:16 :    Finished retrieving uniform locations...
01-06-2021 10:35:16 :    Loaded asset src/shaders/vertexShader.glsl...
01-06-2021 10:35:16 :    Loaded asset src/shaders/fragmentShader.glsl...
01-06-2021 10:35:16 :    Created MasterRenderer and Loader...
01-06-2021 10:35:16 :    Binding indices buffer...
01-06-2021 10:35:16 :    Storing data in int buffer...
01-06-2021 10:35:16 :    Created a rawmodel in VAO 1   with vertex count 36
01-06-2021 10:35:17 :    Created ModelTexture using asset res/textures/blocks/pack ...
01-06-2021 10:35:17 :    Created Textured model using rawmodel in VAO 1
01-06-2021 10:35:17 :    Entering main game loop...
01-06-2021 10:35:17 :    Terrain generating thread starting...
01-06-2021 10:35:18 :    Created a rawmodel in VAO 2   with vertex count 24402
01-06-2021 10:35:18 :    Created Textured model using rawmodel in VAO 2
01-06-2021 10:35:19 :    Created a rawmodel in VAO 3   with vertex count 24642
01-06-2021 10:35:19 :    Created Textured model using rawmodel in VAO 3
01-06-2021 10:35:19 :    Created a rawmodel in VAO 4   with vertex count 24054
01-06-2021 10:35:19 :    Created Textured model using rawmodel in VAO 4
01-06-2021 10:35:19 :    Created a rawmodel in VAO 5   with vertex count 22938
01-06-2021 10:35:19 :    Created Textured model using rawmodel in VAO 5
01-06-2021 10:35:19 :    Created a rawmodel in VAO 6   with vertex count 23838
01-06-2021 10:35:19 :    Created Textured model using rawmodel in VAO 6
01-06-2021 10:35:19 :    Created a rawmodel in VAO 7   with vertex count 22050
01-06-2021 10:35:19 :    Created Textured model using rawmodel in VAO 7
01-06-2021 10:35:19 :    Created a rawmodel in VAO 8   with vertex count 19986
01-06-2021 10:35:19 :    Created Textured model using rawmodel in VAO 8
01-06-2021 10:35:19 :    Created a rawmodel in VAO 9   with vertex count 18816
01-06-2021 10:35:19 :    Created Textured model using rawmodel in VAO 9
01-06-2021 10:35:19 :    Created a rawmodel in VAO 10   with vertex count 18816
01-06-2021 10:35:19 :    Created Textured model using rawmodel in VAO 10
01-06-2021 10:35:19 :    Created a rawmodel in VAO 11   with vertex count 19146
01-06-2021 10:35:19 :    Created Textured model using rawmodel in VAO 11
01-06-2021 10:35:19 :    Created a rawmodel in VAO 12   with vertex count 22206
01-06-2021 10:35:19 :    Created Textured model using rawmodel in VAO 12
01-06-2021 10:35:19 :    Created a rawmodel in VAO 13   with vertex count 23682
01-06-2021 10:35:19 :    Created Textured model using rawmodel in VAO 13
01-06-2021 10:35:19 :    Created a rawmodel in VAO 14   with vertex count 23226
01-06-2021 10:35:20 :    Created Textured model using rawmodel in VAO 14
01-06-2021 10:35:20 :    Created a rawmodel in VAO 15   with vertex count 23826
01-06-2021 10:35:20 :    Created Textured model using rawmodel in VAO 15
01-06-2021 10:35:20 :    Created a rawmodel in VAO 16   with vertex count 24738
01-06-2021 10:35:20 :    Created Textured model using rawmodel in VAO 16
01-06-2021 10:35:20 :    Created a rawmodel in VAO 17   with vertex count 24720
01-06-2021 10:35:20 :    Created Textured model using rawmodel in VAO 17
01-06-2021 10:35:20 :    Created a rawmodel in VAO 18   with vertex count 24876
01-06-2021 10:35:20 :    Created Textured model using rawmodel in VAO 18
01-06-2021 10:35:20 :    Created a rawmodel in VAO 19   with vertex count 25080
01-06-2021 10:35:20 :    Created Textured model using rawmodel in VAO 19
01-06-2021 10:35:20 :    Created a rawmodel in VAO 20   with vertex count 24618
01-06-2021 10:35:20 :    Created Textured model using rawmodel in VAO 20
01-06-2021 10:35:20 :    Created a rawmodel in VAO 21   with vertex count 24006
01-06-2021 10:35:20 :    Created Textured model using rawmodel in VAO 21
01-06-2021 10:35:20 :    Created a rawmodel in VAO 22   with vertex count 23664
01-06-2021 10:35:20 :    Created Textured model using rawmodel in VAO 22
01-06-2021 10:35:20 :    Created a rawmodel in VAO 23   with vertex count 20712
01-06-2021 10:35:20 :    Created Textured model using rawmodel in VAO 23
01-06-2021 10:35:20 :    Created a rawmodel in VAO 24   with vertex count 19698
01-06-2021 10:35:20 :    Created Textured model using rawmodel in VAO 24
01-06-2021 10:35:20 :    Created a rawmodel in VAO 25   with vertex count 20148
01-06-2021 10:35:20 :    Created Textured model using rawmodel in VAO 25
01-06-2021 10:35:20 :    Created a rawmodel in VAO 26   with vertex count 20130
01-06-2021 10:35:20 :    Created Textured model using rawmodel in VAO 26
01-06-2021 10:35:20 :    Created a rawmodel in VAO 27   with vertex count 19938
01-06-2021 10:35:20 :    Created Textured model using rawmodel in VAO 27
01-06-2021 10:35:21 :    Created a rawmodel in VAO 28   with vertex count 20358
01-06-2021 10:35:21 :    Created Textured model using rawmodel in VAO 28
01-06-2021 10:35:21 :    Created a rawmodel in VAO 29   with vertex count 23334
01-06-2021 10:35:21 :    Created Textured model using rawmodel in VAO 29
01-06-2021 10:35:21 :    Created a rawmodel in VAO 30   with vertex count 24084
01-06-2021 10:35:21 :    Created Textured model using rawmodel in VAO 30
01-06-2021 10:35:21 :    Created a rawmodel in VAO 31   with vertex count 24408
01-06-2021 10:35:21 :    Created Textured model using rawmodel in VAO 31
01-06-2021 10:35:21 :    Created a rawmodel in VAO 32   with vertex count 25314
01-06-2021 10:35:21 :    Created Textured model using rawmodel in VAO 32
01-06-2021 10:35:21 :    Created a rawmodel in VAO 33   with vertex count 25014
01-06-2021 10:35:21 :    Created Textured model using rawmodel in VAO 33
01-06-2021 10:35:21 :    Created a rawmodel in VAO 34   with vertex count 24222
01-06-2021 10:35:21 :    Created Textured model using rawmodel in VAO 34
01-06-2021 10:35:21 :    Created a rawmodel in VAO 35   with vertex count 23064
01-06-2021 10:35:21 :    Created Textured model using rawmodel in VAO 35
01-06-2021 10:35:21 :    Created a rawmodel in VAO 36   with vertex count 22548
01-06-2021 10:35:21 :    Created Textured model using rawmodel in VAO 36
01-06-2021 10:35:21 :    Created a rawmodel in VAO 37   with vertex count 21636
01-06-2021 10:35:21 :    Created Textured model using rawmodel in VAO 37
01-06-2021 10:35:21 :    Created a rawmodel in VAO 38   with vertex count 21036
01-06-2021 10:35:21 :    Created Textured model using rawmodel in VAO 38
01-06-2021 10:35:21 :    Created a rawmodel in VAO 39   with vertex count 21306
01-06-2021 10:35:21 :    Created Textured model using rawmodel in VAO 39
01-06-2021 10:35:21 :    Created a rawmodel in VAO 40   with vertex count 20928
01-06-2021 10:35:21 :    Created Textured model using rawmodel in VAO 40
01-06-2021 10:35:21 :    Created a rawmodel in VAO 41   with vertex count 19356
01-06-2021 10:35:21 :    Created Textured model using rawmodel in VAO 41
01-06-2021 10:35:21 :    Created a rawmodel in VAO 42   with vertex count 19044
01-06-2021 10:35:21 :    Created Textured model using rawmodel in VAO 42
01-06-2021 10:35:22 :    Created a rawmodel in VAO 43   with vertex count 20532
01-06-2021 10:35:22 :    Created Textured model using rawmodel in VAO 43
01-06-2021 10:35:22 :    Created a rawmodel in VAO 44   with vertex count 21360
01-06-2021 10:35:22 :    Created Textured model using rawmodel in VAO 44
01-06-2021 10:35:22 :    Created a rawmodel in VAO 45   with vertex count 21012
01-06-2021 10:35:22 :    Created Textured model using rawmodel in VAO 45
01-06-2021 10:35:22 :    Created a rawmodel in VAO 46   with vertex count 21714
01-06-2021 10:35:22 :    Created Textured model using rawmodel in VAO 46
01-06-2021 10:35:22 :    Created a rawmodel in VAO 47   with vertex count 22308
01-06-2021 10:35:22 :    Created Textured model using rawmodel in VAO 47
01-06-2021 10:35:22 :    Created a rawmodel in VAO 48   with vertex count 23004
01-06-2021 10:35:22 :    Created Textured model using rawmodel in VAO 48
01-06-2021 10:35:22 :    Created a rawmodel in VAO 49   with vertex count 24174
01-06-2021 10:35:22 :    Created Textured model using rawmodel in VAO 49
01-06-2021 10:35:22 :    Created a rawmodel in VAO 50   with vertex count 20568
01-06-2021 10:35:22 :    Created Textured model using rawmodel in VAO 50
01-06-2021 10:35:22 :    Created a rawmodel in VAO 51   with vertex count 21264
01-06-2021 10:35:22 :    Created Textured model using rawmodel in VAO 51
01-06-2021 10:35:22 :    Created a rawmodel in VAO 52   with vertex count 20946
01-06-2021 10:35:22 :    Created Textured model using rawmodel in VAO 52
01-06-2021 10:35:22 :    Created a rawmodel in VAO 53   with vertex count 19620
01-06-2021 10:35:22 :    Created Textured model using rawmodel in VAO 53
01-06-2021 10:35:22 :    Created a rawmodel in VAO 54   with vertex count 19308
01-06-2021 10:35:22 :    Created Textured model using rawmodel in VAO 54
01-06-2021 10:35:22 :    Created a rawmodel in VAO 55   with vertex count 18174
01-06-2021 10:35:22 :    Created Textured model using rawmodel in VAO 55
01-06-2021 10:35:22 :    Created a rawmodel in VAO 56   with vertex count 18192
01-06-2021 10:35:22 :    Created Textured model using rawmodel in VAO 56
01-06-2021 10:35:22 :    Created a rawmodel in VAO 57   with vertex count 17184
01-06-2021 10:35:22 :    Created Textured model using rawmodel in VAO 57
01-06-2021 10:35:22 :    Created a rawmodel in VAO 58   with vertex count 17022
01-06-2021 10:35:22 :    Created Textured model using rawmodel in VAO 58
01-06-2021 10:35:22 :    Created a rawmodel in VAO 59   with vertex count 18102
01-06-2021 10:35:22 :    Created Textured model using rawmodel in VAO 59
01-06-2021 10:35:23 :    Created a rawmodel in VAO 60   with vertex count 18336
01-06-2021 10:35:23 :    Created Textured model using rawmodel in VAO 60
01-06-2021 10:35:23 :    Created a rawmodel in VAO 61   with vertex count 19098
01-06-2021 10:35:23 :    Created Textured model using rawmodel in VAO 61
01-06-2021 10:35:23 :    Created a rawmodel in VAO 62   with vertex count 19620
01-06-2021 10:35:23 :    Created Textured model using rawmodel in VAO 62
01-06-2021 10:35:23 :    Created a rawmodel in VAO 63   with vertex count 20706
01-06-2021 10:35:23 :    Created Textured model using rawmodel in VAO 63
01-06-2021 10:35:23 :    Created a rawmodel in VAO 64   with vertex count 21438
01-06-2021 10:35:23 :    Created Textured model using rawmodel in VAO 64
01-06-2021 10:35:23 :    Created a rawmodel in VAO 65   with vertex count 20562
01-06-2021 10:35:23 :    Created Textured model using rawmodel in VAO 65
01-06-2021 10:35:23 :    Created a rawmodel in VAO 66   with vertex count 19650
01-06-2021 10:35:23 :    Created Textured model using rawmodel in VAO 66
01-06-2021 10:35:23 :    Created a rawmodel in VAO 67   with vertex count 18804
01-06-2021 10:35:23 :    Created Textured model using rawmodel in VAO 67
01-06-2021 10:35:23 :    Created a rawmodel in VAO 68   with vertex count 18288
01-06-2021 10:35:23 :    Created Textured model using rawmodel in VAO 68
01-06-2021 10:35:23 :    Created a rawmodel in VAO 69   with vertex count 17436
01-06-2021 10:35:23 :    Created Textured model using rawmodel in VAO 69
01-06-2021 10:35:23 :    Created a rawmodel in VAO 70   with vertex count 16494
01-06-2021 10:35:23 :    Created Textured model using rawmodel in VAO 70
01-06-2021 10:35:23 :    Created a rawmodel in VAO 71   with vertex count 16134
01-06-2021 10:35:23 :    Created Textured model using rawmodel in VAO 71
01-06-2021 10:35:23 :    Created a rawmodel in VAO 72   with vertex count 15756
01-06-2021 10:35:23 :    Created Textured model using rawmodel in VAO 72
01-06-2021 10:35:23 :    Created a rawmodel in VAO 73   with vertex count 14526
01-06-2021 10:35:23 :    Created Textured model using rawmodel in VAO 73
01-06-2021 10:35:23 :    Created a rawmodel in VAO 74   with vertex count 14466
01-06-2021 10:35:23 :    Created Textured model using rawmodel in VAO 74
01-06-2021 10:35:23 :    Created a rawmodel in VAO 75   with vertex count 15480
01-06-2021 10:35:23 :    Created Textured model using rawmodel in VAO 75
01-06-2021 10:35:23 :    Created a rawmodel in VAO 76   with vertex count 15942
01-06-2021 10:35:23 :    Created Textured model using rawmodel in VAO 76
01-06-2021 10:35:23 :    Created a rawmodel in VAO 77   with vertex count 16578
01-06-2021 10:35:23 :    Created Textured model using rawmodel in VAO 77
01-06-2021 10:35:23 :    Created a rawmodel in VAO 78   with vertex count 17316
01-06-2021 10:35:23 :    Created Textured model using rawmodel in VAO 78
01-06-2021 10:35:23 :    Created a rawmodel in VAO 79   with vertex count 17820
01-06-2021 10:35:23 :    Created Textured model using rawmodel in VAO 79
01-06-2021 10:35:23 :    Created a rawmodel in VAO 80   with vertex count 18744
01-06-2021 10:35:23 :    Created Textured model using rawmodel in VAO 80
01-06-2021 10:35:23 :    Created a rawmodel in VAO 81   with vertex count 19500
01-06-2021 10:35:23 :    Created Textured model using rawmodel in VAO 81
01-06-2021 10:35:23 :    Created a rawmodel in VAO 82   with vertex count 16320
01-06-2021 10:35:23 :    Created Textured model using rawmodel in VAO 82
01-06-2021 10:35:23 :    Created a rawmodel in VAO 83   with vertex count 15660
01-06-2021 10:35:23 :    Created Textured model using rawmodel in VAO 83
01-06-2021 10:35:24 :    Created a rawmodel in VAO 84   with vertex count 15246
01-06-2021 10:35:24 :    Created Textured model using rawmodel in VAO 84
01-06-2021 10:35:24 :    Created a rawmodel in VAO 85   with vertex count 14136
01-06-2021 10:35:24 :    Created Textured model using rawmodel in VAO 85
01-06-2021 10:35:24 :    Created a rawmodel in VAO 86   with vertex count 12768
01-06-2021 10:35:24 :    Created Textured model using rawmodel in VAO 86
01-06-2021 10:35:24 :    Created a rawmodel in VAO 87   with vertex count 13200
01-06-2021 10:35:24 :    Created Textured model using rawmodel in VAO 87
01-06-2021 10:35:24 :    Created a rawmodel in VAO 88   with vertex count 12576
01-06-2021 10:35:24 :    Created Textured model using rawmodel in VAO 88
01-06-2021 10:35:24 :    Created a rawmodel in VAO 89   with vertex count 11994
01-06-2021 10:35:24 :    Created Textured model using rawmodel in VAO 89
01-06-2021 10:35:24 :    Created a rawmodel in VAO 90   with vertex count 11976
01-06-2021 10:35:24 :    Created Textured model using rawmodel in VAO 90
01-06-2021 10:35:24 :    Created a rawmodel in VAO 91   with vertex count 12510
01-06-2021 10:35:24 :    Created Textured model using rawmodel in VAO 91
01-06-2021 10:35:24 :    Created a rawmodel in VAO 92   with vertex count 12960
01-06-2021 10:35:24 :    Created Textured model using rawmodel in VAO 92
01-06-2021 10:35:24 :    Created a rawmodel in VAO 93   with vertex count 12828
01-06-2021 10:35:24 :    Created Textured model using rawmodel in VAO 93
01-06-2021 10:35:24 :    Created a rawmodel in VAO 94   with vertex count 13890
01-06-2021 10:35:24 :    Created Textured model using rawmodel in VAO 94
01-06-2021 10:35:24 :    Created a rawmodel in VAO 95   with vertex count 14922
01-06-2021 10:35:24 :    Created Textured model using rawmodel in VAO 95
01-06-2021 10:35:24 :    Created a rawmodel in VAO 96   with vertex count 15408
01-06-2021 10:35:24 :    Created Textured model using rawmodel in VAO 96
01-06-2021 10:35:24 :    Created a rawmodel in VAO 97   with vertex count 16332
01-06-2021 10:35:24 :    Created Textured model using rawmodel in VAO 97
01-06-2021 10:35:24 :    Created a rawmodel in VAO 98   with vertex count 11112
01-06-2021 10:35:24 :    Created Textured model using rawmodel in VAO 98
01-06-2021 10:35:24 :    Created a rawmodel in VAO 99   with vertex count 11124
01-06-2021 10:35:24 :    Created Textured model using rawmodel in VAO 99
01-06-2021 10:35:24 :    Created a rawmodel in VAO 100   with vertex count 10554
01-06-2021 10:35:24 :    Created Textured model using rawmodel in VAO 100
01-06-2021 10:35:24 :    Created a rawmodel in VAO 101   with vertex count 9546
01-06-2021 10:35:24 :    Created Textured model using rawmodel in VAO 101
01-06-2021 10:35:24 :    Created a rawmodel in VAO 102   with vertex count 9318
01-06-2021 10:35:24 :    Created Textured model using rawmodel in VAO 102
01-06-2021 10:35:24 :    Created a rawmodel in VAO 103   with vertex count 9270
01-06-2021 10:35:24 :    Created Textured model using rawmodel in VAO 103
01-06-2021 10:35:24 :    Created a rawmodel in VAO 104   with vertex count 9030
01-06-2021 10:35:24 :    Created Textured model using rawmodel in VAO 104
01-06-2021 10:35:24 :    Created a rawmodel in VAO 105   with vertex count 8538
01-06-2021 10:35:24 :    Created Textured model using rawmodel in VAO 105
01-06-2021 10:35:24 :    Created a rawmodel in VAO 106   with vertex count 8454
01-06-2021 10:35:24 :    Created Textured model using rawmodel in VAO 106
01-06-2021 10:35:24 :    Created a rawmodel in VAO 107   with vertex count 9030
01-06-2021 10:35:24 :    Created Textured model using rawmodel in VAO 107
01-06-2021 10:35:24 :    Created a rawmodel in VAO 108   with vertex count 9312
01-06-2021 10:35:24 :    Created Textured model using rawmodel in VAO 108
01-06-2021 10:35:24 :    Created a rawmodel in VAO 109   with vertex count 9252
01-06-2021 10:35:24 :    Created Textured model using rawmodel in VAO 109
01-06-2021 10:35:24 :    Created a rawmodel in VAO 110   with vertex count 9390
01-06-2021 10:35:24 :    Created Textured model using rawmodel in VAO 110
01-06-2021 10:35:24 :    Created a rawmodel in VAO 111   with vertex count 10422
01-06-2021 10:35:24 :    Created Textured model using rawmodel in VAO 111
01-06-2021 10:35:24 :    Created a rawmodel in VAO 112   with vertex count 11166
01-06-2021 10:35:24 :    Created Textured model using rawmodel in VAO 112
01-06-2021 10:35:24 :    Created a rawmodel in VAO 113   with vertex count 11124
01-06-2021 10:35:24 :    Created Textured model using rawmodel in VAO 113
01-06-2021 10:35:24 :    Created a rawmodel in VAO 114   with vertex count 7404
01-06-2021 10:35:24 :    Created Textured model using rawmodel in VAO 114
01-06-2021 10:35:24 :    Created a rawmodel in VAO 115   with vertex count 7536
01-06-2021 10:35:24 :    Created Textured model using rawmodel in VAO 115
01-06-2021 10:35:24 :    Created a rawmodel in VAO 116   with vertex count 6930
01-06-2021 10:35:24 :    Created Textured model using rawmodel in VAO 116
01-06-2021 10:35:24 :    Created a rawmodel in VAO 117   with vertex count 5772
01-06-2021 10:35:24 :    Created Textured model using rawmodel in VAO 117
01-06-2021 10:35:24 :    Created a rawmodel in VAO 118   with vertex count 5562
01-06-2021 10:35:24 :    Created Textured model using rawmodel in VAO 118
01-06-2021 10:35:24 :    Created a rawmodel in VAO 119   with vertex count 5544
01-06-2021 10:35:24 :    Created Textured model using rawmodel in VAO 119
01-06-2021 10:35:24 :    Created a rawmodel in VAO 120   with vertex count 5622
01-06-2021 10:35:24 :    Created Textured model using rawmodel in VAO 120
01-06-2021 10:35:24 :    Created a rawmodel in VAO 121   with vertex count 5688
01-06-2021 10:35:24 :    Created Textured model using rawmodel in VAO 121
01-06-2021 10:35:24 :    Created a rawmodel in VAO 122   with vertex count 5688
01-06-2021 10:35:24 :    Created Textured model using rawmodel in VAO 122
01-06-2021 10:35:24 :    Created a rawmodel in VAO 123   with vertex count 5664
01-06-2021 10:35:24 :    Created Textured model using rawmodel in VAO 123
01-06-2021 10:35:24 :    Created a rawmodel in VAO 124   with vertex count 5538
01-06-2021 10:35:24 :    Created Textured model using rawmodel in VAO 124
01-06-2021 10:35:24 :    Created a rawmodel in VAO 125   with vertex count 5574
01-06-2021 10:35:24 :    Created Textured model using rawmodel in VAO 125
01-06-2021 10:35:24 :    Created a rawmodel in VAO 126   with vertex count 5712
01-06-2021 10:35:24 :    Created Textured model using rawmodel in VAO 126
01-06-2021 10:35:25 :    Created a rawmodel in VAO 127   with vertex count 6840
01-06-2021 10:35:25 :    Created Textured model using rawmodel in VAO 127
01-06-2021 10:35:25 :    Created a rawmodel in VAO 128   with vertex count 7470
01-06-2021 10:35:25 :    Created Textured model using rawmodel in VAO 128
01-06-2021 10:35:25 :    Created a rawmodel in VAO 129   with vertex count 7404
01-06-2021 10:35:25 :    Created Textured model using rawmodel in VAO 129
01-06-2021 10:35:25 :    Created a rawmodel in VAO 130   with vertex count 7332
01-06-2021 10:35:25 :    Created Textured model using rawmodel in VAO 130
01-06-2021 10:35:25 :    Created a rawmodel in VAO 131   with vertex count 7206
01-06-2021 10:35:25 :    Created Textured model using rawmodel in VAO 131
01-06-2021 10:35:25 :    Created a rawmodel in VAO 132   with vertex count 6540
01-06-2021 10:35:25 :    Created Textured model using rawmodel in VAO 132
01-06-2021 10:35:25 :    Created a rawmodel in VAO 133   with vertex count 5466
01-06-2021 10:35:25 :    Created Textured model using rawmodel in VAO 133
01-06-2021 10:35:25 :    Created a rawmodel in VAO 134   with vertex count 5256
01-06-2021 10:35:25 :    Created Textured model using rawmodel in VAO 134
01-06-2021 10:35:25 :    Created a rawmodel in VAO 135   with vertex count 5400
01-06-2021 10:35:25 :    Created Textured model using rawmodel in VAO 135
01-06-2021 10:35:25 :    Created a rawmodel in VAO 136   with vertex count 5478
01-06-2021 10:35:25 :    Created Textured model using rawmodel in VAO 136
01-06-2021 10:35:25 :    Created a rawmodel in VAO 137   with vertex count 5544
01-06-2021 10:35:25 :    Created Textured model using rawmodel in VAO 137
01-06-2021 10:35:25 :    Created a rawmodel in VAO 138   with vertex count 5544
01-06-2021 10:35:25 :    Created Textured model using rawmodel in VAO 138
01-06-2021 10:35:25 :    Created a rawmodel in VAO 139   with vertex count 5520
01-06-2021 10:35:25 :    Created Textured model using rawmodel in VAO 139
01-06-2021 10:35:25 :    Created a rawmodel in VAO 140   with vertex count 5394
01-06-2021 10:35:25 :    Created Textured model using rawmodel in VAO 140
01-06-2021 10:35:25 :    Created a rawmodel in VAO 141   with vertex count 5322
01-06-2021 10:35:25 :    Created Textured model using rawmodel in VAO 141
01-06-2021 10:35:25 :    Created a rawmodel in VAO 142   with vertex count 5298
01-06-2021 10:35:25 :    Created Textured model using rawmodel in VAO 142
01-06-2021 10:35:25 :    Created a rawmodel in VAO 143   with vertex count 6486
01-06-2021 10:35:25 :    Created Textured model using rawmodel in VAO 143
01-06-2021 10:35:25 :    Created a rawmodel in VAO 144   with vertex count 7068
01-06-2021 10:35:25 :    Created Textured model using rawmodel in VAO 144
01-06-2021 10:35:25 :    Created a rawmodel in VAO 145   with vertex count 7332
01-06-2021 10:35:25 :    Created Textured model using rawmodel in VAO 145
01-06-2021 10:35:25 :    Created a rawmodel in VAO 146   with vertex count 10104
01-06-2021 10:35:25 :    Created Textured model using rawmodel in VAO 146
01-06-2021 10:35:25 :    Created a rawmodel in VAO 147   with vertex count 10116
01-06-2021 10:35:25 :    Created Textured model using rawmodel in VAO 147
01-06-2021 10:35:25 :    Created a rawmodel in VAO 148   with vertex count 9906
01-06-2021 10:35:25 :    Created Textured model using rawmodel in VAO 148
01-06-2021 10:35:25 :    Created a rawmodel in VAO 149   with vertex count 9192
01-06-2021 10:35:25 :    Created Textured model using rawmodel in VAO 149
01-06-2021 10:35:25 :    Created a rawmodel in VAO 150   with vertex count 9210
01-06-2021 10:35:25 :    Created Textured model using rawmodel in VAO 150
01-06-2021 10:35:25 :    Created a rawmodel in VAO 151   with vertex count 8766
01-06-2021 10:35:25 :    Created Textured model using rawmodel in VAO 151
01-06-2021 10:35:25 :    Created a rawmodel in VAO 152   with vertex count 8406
01-06-2021 10:35:25 :    Created Textured model using rawmodel in VAO 152
01-06-2021 10:35:25 :    Created a rawmodel in VAO 153   with vertex count 8280
01-06-2021 10:35:25 :    Created Textured model using rawmodel in VAO 153
01-06-2021 10:35:25 :    Created a rawmodel in VAO 154   with vertex count 8280
01-06-2021 10:35:25 :    Created Textured model using rawmodel in VAO 154
01-06-2021 10:35:25 :    Created a rawmodel in VAO 155   with vertex count 8406
01-06-2021 10:35:25 :    Created Textured model using rawmodel in VAO 155
01-06-2021 10:35:25 :    Created a rawmodel in VAO 156   with vertex count 8730
01-06-2021 10:35:25 :    Created Textured model using rawmodel in VAO 156
01-06-2021 10:35:25 :    Created a rawmodel in VAO 157   with vertex count 9180
01-06-2021 10:35:25 :    Created Textured model using rawmodel in VAO 157
01-06-2021 10:35:25 :    Created a rawmodel in VAO 158   with vertex count 9174
01-06-2021 10:35:25 :    Created Textured model using rawmodel in VAO 158
01-06-2021 10:35:25 :    Created a rawmodel in VAO 159   with vertex count 9936
01-06-2021 10:35:25 :    Created Textured model using rawmodel in VAO 159
01-06-2021 10:35:25 :    Created a rawmodel in VAO 160   with vertex count 10158
01-06-2021 10:35:25 :    Created Textured model using rawmodel in VAO 160
01-06-2021 10:35:25 :    Created a rawmodel in VAO 161   with vertex count 10116
01-06-2021 10:35:25 :    Created Textured model using rawmodel in VAO 161
01-06-2021 10:35:25 :    Created a rawmodel in VAO 162   with vertex count 15000
01-06-2021 10:35:25 :    Created Textured model using rawmodel in VAO 162
01-06-2021 10:35:25 :    Created a rawmodel in VAO 163   with vertex count 15000
01-06-2021 10:35:25 :    Created Textured model using rawmodel in VAO 163
01-06-2021 10:35:25 :    Created a rawmodel in VAO 164   with vertex count 14838
01-06-2021 10:35:25 :    Created Textured model using rawmodel in VAO 164
01-06-2021 10:35:25 :    Created a rawmodel in VAO 165   with vertex count 13560
01-06-2021 10:35:25 :    Created Textured model using rawmodel in VAO 165
01-06-2021 10:35:25 :    Created a rawmodel in VAO 166   with vertex count 12960
01-06-2021 10:35:25 :    Created Textured model using rawmodel in VAO 166
01-06-2021 10:35:25 :    Created a rawmodel in VAO 167   with vertex count 12258
01-06-2021 10:35:25 :    Created Textured model using rawmodel in VAO 167
01-06-2021 10:35:25 :    Created a rawmodel in VAO 168   with vertex count 11934
01-06-2021 10:35:25 :    Created Textured model using rawmodel in VAO 168
01-06-2021 10:35:25 :    Created a rawmodel in VAO 169   with vertex count 11592
01-06-2021 10:35:25 :    Created Textured model using rawmodel in VAO 169
01-06-2021 10:35:25 :    Created a rawmodel in VAO 170   with vertex count 11526
01-06-2021 10:35:25 :    Created Textured model using rawmodel in VAO 170
01-06-2021 10:35:25 :    Created a rawmodel in VAO 171   with vertex count 11976
01-06-2021 10:35:25 :    Created Textured model using rawmodel in VAO 171
01-06-2021 10:35:25 :    Created a rawmodel in VAO 172   with vertex count 11856
01-06-2021 10:35:25 :    Created Textured model using rawmodel in VAO 172
01-06-2021 10:35:26 :    Created a rawmodel in VAO 173   with vertex count 13020
01-06-2021 10:35:26 :    Created Textured model using rawmodel in VAO 173
01-06-2021 10:35:26 :    Created a rawmodel in VAO 174   with vertex count 13290
01-06-2021 10:35:26 :    Created Textured model using rawmodel in VAO 174
01-06-2021 10:35:26 :    Created a rawmodel in VAO 175   with vertex count 14424
01-06-2021 10:35:26 :    Created Textured model using rawmodel in VAO 175
01-06-2021 10:35:26 :    Created a rawmodel in VAO 176   with vertex count 14874
01-06-2021 10:35:26 :    Created Textured model using rawmodel in VAO 176
01-06-2021 10:35:26 :    Created a rawmodel in VAO 177   with vertex count 15012
01-06-2021 10:35:26 :    Created Textured model using rawmodel in VAO 177
01-06-2021 10:35:26 :    Created a rawmodel in VAO 178   with vertex count 18240
01-06-2021 10:35:26 :    Created Textured model using rawmodel in VAO 178
01-06-2021 10:35:26 :    Created a rawmodel in VAO 179   with vertex count 19086
01-06-2021 10:35:26 :    Created Textured model using rawmodel in VAO 179
01-06-2021 10:35:26 :    Created a rawmodel in VAO 180   with vertex count 17784
01-06-2021 10:35:26 :    Created Textured model using rawmodel in VAO 180
01-06-2021 10:35:26 :    Created a rawmodel in VAO 181   with vertex count 17154
01-06-2021 10:35:26 :    Created Textured model using rawmodel in VAO 181
01-06-2021 10:35:26 :    Created a rawmodel in VAO 182   with vertex count 16374
01-06-2021 10:35:26 :    Created Textured model using rawmodel in VAO 182
01-06-2021 10:35:26 :    Created a rawmodel in VAO 183   with vertex count 15828
01-06-2021 10:35:26 :    Created Textured model using rawmodel in VAO 183
01-06-2021 10:35:26 :    Created a rawmodel in VAO 184   with vertex count 15540
01-06-2021 10:35:26 :    Created Textured model using rawmodel in VAO 184
01-06-2021 10:35:26 :    Created a rawmodel in VAO 185   with vertex count 14052
01-06-2021 10:35:26 :    Created Textured model using rawmodel in VAO 185
01-06-2021 10:35:26 :    Created a rawmodel in VAO 186   with vertex count 13920
01-06-2021 10:35:26 :    Created Textured model using rawmodel in VAO 186
01-06-2021 10:35:26 :    Created a rawmodel in VAO 187   with vertex count 15342
01-06-2021 10:35:26 :    Created Textured model using rawmodel in VAO 187
01-06-2021 10:35:26 :    Created a rawmodel in VAO 188   with vertex count 15810
01-06-2021 10:35:26 :    Created Textured model using rawmodel in VAO 188
01-06-2021 10:35:26 :    Created a rawmodel in VAO 189   with vertex count 16332
01-06-2021 10:35:26 :    Created Textured model using rawmodel in VAO 189
01-06-2021 10:35:26 :    Created a rawmodel in VAO 190   with vertex count 17160
01-06-2021 10:35:26 :    Created Textured model using rawmodel in VAO 190
01-06-2021 10:35:26 :    Created a rawmodel in VAO 191   with vertex count 17454
01-06-2021 10:35:26 :    Created Textured model using rawmodel in VAO 191
01-06-2021 10:35:26 :    Created a rawmodel in VAO 192   with vertex count 18978
01-06-2021 10:35:26 :    Created Textured model using rawmodel in VAO 192
01-06-2021 10:35:26 :    Created a rawmodel in VAO 193   with vertex count 18240
01-06-2021 10:35:26 :    Created Textured model using rawmodel in VAO 193
01-06-2021 10:35:26 :    Created a rawmodel in VAO 194   with vertex count 20658
01-06-2021 10:35:26 :    Created Textured model using rawmodel in VAO 194
01-06-2021 10:35:26 :    Created a rawmodel in VAO 195   with vertex count 21492
01-06-2021 10:35:26 :    Created Textured model using rawmodel in VAO 195
01-06-2021 10:35:26 :    Created a rawmodel in VAO 196   with vertex count 20184
01-06-2021 10:35:26 :    Created Textured model using rawmodel in VAO 196
01-06-2021 10:35:26 :    Created a rawmodel in VAO 197   with vertex count 19578
01-06-2021 10:35:26 :    Created Textured model using rawmodel in VAO 197
01-06-2021 10:35:26 :    Created a rawmodel in VAO 198   with vertex count 18264
01-06-2021 10:35:26 :    Created Textured model using rawmodel in VAO 198
01-06-2021 10:35:26 :    Created a rawmodel in VAO 199   with vertex count 18498
01-06-2021 10:35:26 :    Created Textured model using rawmodel in VAO 199
01-06-2021 10:35:26 :    Created a rawmodel in VAO 200   with vertex count 17760
01-06-2021 10:35:26 :    Created Textured model using rawmodel in VAO 200
01-06-2021 10:35:26 :    Created a rawmodel in VAO 201   with vertex count 16698
01-06-2021 10:35:26 :    Created Textured model using rawmodel in VAO 201
01-06-2021 10:35:26 :    Created a rawmodel in VAO 202   with vertex count 16758
01-06-2021 10:35:26 :    Created Textured model using rawmodel in VAO 202
01-06-2021 10:35:26 :    Created a rawmodel in VAO 203   with vertex count 17676
01-06-2021 10:35:26 :    Created Textured model using rawmodel in VAO 203
01-06-2021 10:35:26 :    Created a rawmodel in VAO 204   with vertex count 18390
01-06-2021 10:35:26 :    Created Textured model using rawmodel in VAO 204
01-06-2021 10:35:27 :    Created a rawmodel in VAO 205   with vertex count 18060
01-06-2021 10:35:27 :    Created Textured model using rawmodel in VAO 205
01-06-2021 10:35:27 :    Created a rawmodel in VAO 206   with vertex count 19728
01-06-2021 10:35:27 :    Created Textured model using rawmodel in VAO 206
01-06-2021 10:35:27 :    Created a rawmodel in VAO 207   with vertex count 19968
01-06-2021 10:35:27 :    Created Textured model using rawmodel in VAO 207
01-06-2021 10:35:27 :    Created a rawmodel in VAO 208   with vertex count 21390
01-06-2021 10:35:27 :    Created Textured model using rawmodel in VAO 208
01-06-2021 10:35:27 :    Created a rawmodel in VAO 209   with vertex count 20766
01-06-2021 10:35:27 :    Created Textured model using rawmodel in VAO 209
01-06-2021 10:35:27 :    Created a rawmodel in VAO 210   with vertex count 23658
01-06-2021 10:35:27 :    Created Textured model using rawmodel in VAO 210
01-06-2021 10:35:27 :    Created a rawmodel in VAO 211   with vertex count 22206
01-06-2021 10:35:27 :    Created Textured model using rawmodel in VAO 211
01-06-2021 10:35:27 :    Created a rawmodel in VAO 212   with vertex count 22134
01-06-2021 10:35:27 :    Created Textured model using rawmodel in VAO 212
01-06-2021 10:35:27 :    Created a rawmodel in VAO 213   with vertex count 21282
01-06-2021 10:35:27 :    Created Textured model using rawmodel in VAO 213
01-06-2021 10:35:27 :    Created a rawmodel in VAO 214   with vertex count 21240
01-06-2021 10:35:27 :    Created Textured model using rawmodel in VAO 214
01-06-2021 10:35:27 :    Created a rawmodel in VAO 215   with vertex count 20982
01-06-2021 10:35:27 :    Created Textured model using rawmodel in VAO 215
01-06-2021 10:35:27 :    Created a rawmodel in VAO 216   with vertex count 20586
01-06-2021 10:35:27 :    Created Textured model using rawmodel in VAO 216
01-06-2021 10:35:27 :    Created a rawmodel in VAO 217   with vertex count 19266
01-06-2021 10:35:27 :    Created Textured model using rawmodel in VAO 217
01-06-2021 10:35:27 :    Created a rawmodel in VAO 218   with vertex count 19212
01-06-2021 10:35:27 :    Created Textured model using rawmodel in VAO 218
01-06-2021 10:35:27 :    Created a rawmodel in VAO 219   with vertex count 20352
01-06-2021 10:35:27 :    Created Textured model using rawmodel in VAO 219
01-06-2021 10:35:28 :    Created a rawmodel in VAO 220   with vertex count 20760
01-06-2021 10:35:28 :    Created Textured model using rawmodel in VAO 220
01-06-2021 10:35:28 :    Created a rawmodel in VAO 221   with vertex count 21330
01-06-2021 10:35:28 :    Created Textured model using rawmodel in VAO 221
01-06-2021 10:35:28 :    Created a rawmodel in VAO 222   with vertex count 21222
01-06-2021 10:35:28 :    Created Textured model using rawmodel in VAO 222
01-06-2021 10:35:28 :    Created a rawmodel in VAO 223   with vertex count 21738
01-06-2021 10:35:28 :    Created Textured model using rawmodel in VAO 223
01-06-2021 10:35:28 :    Created a rawmodel in VAO 224   with vertex count 22326
01-06-2021 10:35:28 :    Created Textured model using rawmodel in VAO 224
01-06-2021 10:35:28 :    Created a rawmodel in VAO 225   with vertex count 23436
01-06-2021 10:35:28 :    Created Textured model using rawmodel in VAO 225
01-06-2021 10:35:28 :    Created a rawmodel in VAO 226   with vertex count 25200
01-06-2021 10:35:28 :    Created Textured model using rawmodel in VAO 226
01-06-2021 10:35:28 :    Created a rawmodel in VAO 227   with vertex count 25278
01-06-2021 10:35:28 :    Created Textured model using rawmodel in VAO 227
01-06-2021 10:35:28 :    Created a rawmodel in VAO 228   with vertex count 24810
01-06-2021 10:35:28 :    Created Textured model using rawmodel in VAO 228
01-06-2021 10:35:28 :    Created a rawmodel in VAO 229   with vertex count 23598
01-06-2021 10:35:28 :    Created Textured model using rawmodel in VAO 229
01-06-2021 10:35:28 :    Created a rawmodel in VAO 230   with vertex count 23364
01-06-2021 10:35:28 :    Created Textured model using rawmodel in VAO 230
01-06-2021 10:35:28 :    Created a rawmodel in VAO 231   with vertex count 20352
01-06-2021 10:35:28 :    Created Textured model using rawmodel in VAO 231
01-06-2021 10:35:28 :    Created a rawmodel in VAO 232   with vertex count 20184
01-06-2021 10:35:28 :    Created Textured model using rawmodel in VAO 232
01-06-2021 10:35:28 :    Created a rawmodel in VAO 233   with vertex count 20670
01-06-2021 10:35:28 :    Created Textured model using rawmodel in VAO 233
01-06-2021 10:35:28 :    Created a rawmodel in VAO 234   with vertex count 20772
01-06-2021 10:35:28 :    Created Textured model using rawmodel in VAO 234
01-06-2021 10:35:28 :    Created a rawmodel in VAO 235   with vertex count 20262
01-06-2021 10:35:28 :    Created Textured model using rawmodel in VAO 235
01-06-2021 10:35:28 :    Created a rawmodel in VAO 236   with vertex count 20004
01-06-2021 10:35:28 :    Created Textured model using rawmodel in VAO 236
01-06-2021 10:35:29 :    Created a rawmodel in VAO 237   with vertex count 22764
01-06-2021 10:35:29 :    Created Textured model using rawmodel in VAO 237
01-06-2021 10:35:29 :    Created a rawmodel in VAO 238   with vertex count 23988
01-06-2021 10:35:29 :    Created Textured model using rawmodel in VAO 238
01-06-2021 10:35:29 :    Created a rawmodel in VAO 239   with vertex count 24558
01-06-2021 10:35:29 :    Created Textured model using rawmodel in VAO 239
01-06-2021 10:35:29 :    Created a rawmodel in VAO 240   with vertex count 25512
01-06-2021 10:35:29 :    Created Textured model using rawmodel in VAO 240
01-06-2021 10:35:29 :    Created a rawmodel in VAO 241   with vertex count 25182
01-06-2021 10:35:29 :    Created Textured model using rawmodel in VAO 241
01-06-2021 10:35:29 :    Created a rawmodel in VAO 242   with vertex count 25002
01-06-2021 10:35:29 :    Created Textured model using rawmodel in VAO 242
01-06-2021 10:35:29 :    Created a rawmodel in VAO 243   with vertex count 24582
01-06-2021 10:35:29 :    Created Textured model using rawmodel in VAO 243
01-06-2021 10:35:29 :    Created a rawmodel in VAO 244   with vertex count 23658
01-06-2021 10:35:29 :    Created Textured model using rawmodel in VAO 244
01-06-2021 10:35:29 :    Created a rawmodel in VAO 245   with vertex count 23370
01-06-2021 10:35:29 :    Created Textured model using rawmodel in VAO 245
01-06-2021 10:35:29 :    Created a rawmodel in VAO 246   with vertex count 23730
01-06-2021 10:35:29 :    Created Textured model using rawmodel in VAO 246
01-06-2021 10:35:29 :    Created a rawmodel in VAO 247   with vertex count 22092
01-06-2021 10:35:29 :    Created Textured model using rawmodel in VAO 247
01-06-2021 10:35:29 :    Created a rawmodel in VAO 248   with vertex count 19650
01-06-2021 10:35:29 :    Created Textured model using rawmodel in VAO 248
01-06-2021 10:35:30 :    Created a rawmodel in VAO 249   with vertex count 18816
01-06-2021 10:35:30 :    Created Textured model using rawmodel in VAO 249
01-06-2021 10:35:30 :    Created a rawmodel in VAO 250   with vertex count 18816
01-06-2021 10:35:30 :    Created Textured model using rawmodel in VAO 250
01-06-2021 10:35:30 :    Created a rawmodel in VAO 251   with vertex count 18816
01-06-2021 10:35:30 :    Created Textured model using rawmodel in VAO 251
01-06-2021 10:35:30 :    Created a rawmodel in VAO 252   with vertex count 22104
01-06-2021 10:35:30 :    Created Textured model using rawmodel in VAO 252
01-06-2021 10:35:30 :    Created a rawmodel in VAO 253   with vertex count 23712
01-06-2021 10:35:30 :    Created Textured model using rawmodel in VAO 253
01-06-2021 10:35:30 :    Created a rawmodel in VAO 254   with vertex count 23652
01-06-2021 10:35:30 :    Created Textured model using rawmodel in VAO 254
01-06-2021 10:35:30 :    Created a rawmodel in VAO 255   with vertex count 23436
01-06-2021 10:35:30 :    Created Textured model using rawmodel in VAO 255
01-06-2021 10:35:30 :    Created a rawmodel in VAO 256   with vertex count 24678
01-06-2021 10:35:30 :    Created Textured model using rawmodel in VAO 256
01-06-2021 10:35:30 :    Created a rawmodel in VAO 257   with vertex count 25152
01-06-2021 10:35:30 :    Created Textured model using rawmodel in VAO 257
01-06-2021 10:35:30 :    Created a rawmodel in VAO 258   with vertex count 23424
01-06-2021 10:35:30 :    Created Textured model using rawmodel in VAO 258
01-06-2021 10:35:30 :    Created a rawmodel in VAO 259   with vertex count 24774
01-06-2021 10:35:30 :    Created Textured model using rawmodel in VAO 259
01-06-2021 10:35:30 :    Created a rawmodel in VAO 260   with vertex count 23874
01-06-2021 10:35:30 :    Created Textured model using rawmodel in VAO 260
01-06-2021 10:35:30 :    Created a rawmodel in VAO 261   with vertex count 23922
01-06-2021 10:35:30 :    Created Textured model using rawmodel in VAO 261
01-06-2021 10:35:31 :    Created a rawmodel in VAO 262   with vertex count 23970
01-06-2021 10:35:31 :    Created Textured model using rawmodel in VAO 262
01-06-2021 10:35:31 :    Created a rawmodel in VAO 263   with vertex count 23586
01-06-2021 10:35:31 :    Created Textured model using rawmodel in VAO 263
01-06-2021 10:35:31 :    Created a rawmodel in VAO 264   with vertex count 21558
01-06-2021 10:35:31 :    Created Textured model using rawmodel in VAO 264
01-06-2021 10:35:31 :    Created a rawmodel in VAO 265   with vertex count 18816
01-06-2021 10:35:31 :    Created Textured model using rawmodel in VAO 265
01-06-2021 10:35:31 :    Created a rawmodel in VAO 266   with vertex count 18816
01-06-2021 10:35:31 :    Created Textured model using rawmodel in VAO 266
01-06-2021 10:35:31 :    Created a rawmodel in VAO 267   with vertex count 21282
01-06-2021 10:35:31 :    Created Textured model using rawmodel in VAO 267
01-06-2021 10:35:31 :    Created a rawmodel in VAO 268   with vertex count 23268
01-06-2021 10:35:31 :    Created Textured model using rawmodel in VAO 268
01-06-2021 10:35:31 :    Created a rawmodel in VAO 269   with vertex count 23814
01-06-2021 10:35:31 :    Created Textured model using rawmodel in VAO 269
01-06-2021 10:35:31 :    Created a rawmodel in VAO 270   with vertex count 23880
01-06-2021 10:35:31 :    Created Textured model using rawmodel in VAO 270
01-06-2021 10:35:31 :    Created a rawmodel in VAO 271   with vertex count 24012
01-06-2021 10:35:31 :    Created Textured model using rawmodel in VAO 271
01-06-2021 10:35:31 :    Created a rawmodel in VAO 272   with vertex count 24702
01-06-2021 10:35:31 :    Created Textured model using rawmodel in VAO 272
01-06-2021 10:35:31 :    Created a rawmodel in VAO 273   with vertex count 23424
01-06-2021 10:35:31 :    Created Textured model using rawmodel in VAO 273
01-06-2021 10:35:31 :    Created a rawmodel in VAO 274   with vertex count 23424
01-06-2021 10:35:31 :    Created Textured model using rawmodel in VAO 274
01-06-2021 10:35:32 :    Created a rawmodel in VAO 275   with vertex count 24774
01-06-2021 10:35:32 :    Created Textured model using rawmodel in VAO 275
01-06-2021 10:35:32 :    Created a rawmodel in VAO 276   with vertex count 24012
01-06-2021 10:35:32 :    Created Textured model using rawmodel in VAO 276
01-06-2021 10:35:32 :    Created a rawmodel in VAO 277   with vertex count 23850
01-06-2021 10:35:32 :    Created Textured model using rawmodel in VAO 277
01-06-2021 10:35:32 :    Created a rawmodel in VAO 278   with vertex count 23568
01-06-2021 10:35:32 :    Created Textured model using rawmodel in VAO 278
01-06-2021 10:35:32 :    Created a rawmodel in VAO 279   with vertex count 23514
01-06-2021 10:35:32 :    Created Textured model using rawmodel in VAO 279
01-06-2021 10:35:32 :    Created a rawmodel in VAO 280   with vertex count 21156
01-06-2021 10:35:32 :    Created Textured model using rawmodel in VAO 280
01-06-2021 10:35:32 :    Created a rawmodel in VAO 281   with vertex count 18816
01-06-2021 10:35:32 :    Created Textured model using rawmodel in VAO 281
01-06-2021 10:35:32 :    Created a rawmodel in VAO 282   with vertex count 18816
01-06-2021 10:35:32 :    Created Textured model using rawmodel in VAO 282
01-06-2021 10:35:32 :    Created a rawmodel in VAO 283   with vertex count 21084
01-06-2021 10:35:32 :    Created Textured model using rawmodel in VAO 283
01-06-2021 10:35:32 :    Created a rawmodel in VAO 284   with vertex count 23028
01-06-2021 10:35:32 :    Created Textured model using rawmodel in VAO 284
01-06-2021 10:35:32 :    Created a rawmodel in VAO 285   with vertex count 23934
01-06-2021 10:35:32 :    Created Textured model using rawmodel in VAO 285
01-06-2021 10:35:32 :    Created a rawmodel in VAO 286   with vertex count 23622
01-06-2021 10:35:32 :    Created Textured model using rawmodel in VAO 286
01-06-2021 10:35:32 :    Created a rawmodel in VAO 287   with vertex count 24144
01-06-2021 10:35:32 :    Created Textured model using rawmodel in VAO 287
01-06-2021 10:35:32 :    Created a rawmodel in VAO 288   with vertex count 24702
01-06-2021 10:35:32 :    Created Textured model using rawmodel in VAO 288
01-06-2021 10:35:32 :    Created a rawmodel in VAO 289   with vertex count 23424
01-06-2021 10:35:32 :    Created Textured model using rawmodel in VAO 289
01-06-2021 10:35:32 :    Created a rawmodel in VAO 290   with vertex count 25644
01-06-2021 10:35:32 :    Created Textured model using rawmodel in VAO 290
01-06-2021 10:35:33 :    Created a rawmodel in VAO 291   with vertex count 25014
01-06-2021 10:35:33 :    Created Textured model using rawmodel in VAO 291
01-06-2021 10:35:33 :    Created a rawmodel in VAO 292   with vertex count 24822
01-06-2021 10:35:33 :    Created Textured model using rawmodel in VAO 292
01-06-2021 10:35:33 :    Created a rawmodel in VAO 293   with vertex count 24258
01-06-2021 10:35:33 :    Created Textured model using rawmodel in VAO 293
01-06-2021 10:35:33 :    Created a rawmodel in VAO 294   with vertex count 24420
01-06-2021 10:35:33 :    Created Textured model using rawmodel in VAO 294
01-06-2021 10:35:33 :    Created a rawmodel in VAO 295   with vertex count 23928
01-06-2021 10:35:33 :    Created Textured model using rawmodel in VAO 295
01-06-2021 10:35:33 :    Created a rawmodel in VAO 296   with vertex count 22062
01-06-2021 10:35:33 :    Created Textured model using rawmodel in VAO 296
01-06-2021 10:35:33 :    Created a rawmodel in VAO 297   with vertex count 21420
01-06-2021 10:35:33 :    Created Textured model using rawmodel in VAO 297
01-06-2021 10:35:33 :    Created a rawmodel in VAO 298   with vertex count 20886
01-06-2021 10:35:33 :    Created Textured model using rawmodel in VAO 298
01-06-2021 10:35:33 :    Created a rawmodel in VAO 299   with vertex count 22542
01-06-2021 10:35:33 :    Created Textured model using rawmodel in VAO 299
01-06-2021 10:35:33 :    Created a rawmodel in VAO 300   with vertex count 22560
01-06-2021 10:35:33 :    Created Textured model using rawmodel in VAO 300
01-06-2021 10:35:33 :    Created a rawmodel in VAO 301   with vertex count 24462
01-06-2021 10:35:33 :    Created Textured model using rawmodel in VAO 301
01-06-2021 10:35:33 :    Created a rawmodel in VAO 302   with vertex count 24054
01-06-2021 10:35:33 :    Created Textured model using rawmodel in VAO 302
01-06-2021 10:35:33 :    Created a rawmodel in VAO 303   with vertex count 24630
01-06-2021 10:35:33 :    Created Textured model using rawmodel in VAO 303
01-06-2021 10:35:34 :    Created a rawmodel in VAO 304   with vertex count 25314
01-06-2021 10:35:34 :    Created Textured model using rawmodel in VAO 304
01-06-2021 10:35:34 :    Created a rawmodel in VAO 305   with vertex count 23424
01-06-2021 10:35:34 :    Created Textured model using rawmodel in VAO 305
01-06-2021 10:35:34 :    Created a rawmodel in VAO 306   with vertex count 25650
01-06-2021 10:35:34 :    Created Textured model using rawmodel in VAO 306
01-06-2021 10:35:34 :    Created a rawmodel in VAO 307   with vertex count 26436
01-06-2021 10:35:34 :    Created Textured model using rawmodel in VAO 307
01-06-2021 10:35:34 :    Created a rawmodel in VAO 308   with vertex count 24636
01-06-2021 10:35:34 :    Created Textured model using rawmodel in VAO 308
01-06-2021 10:35:34 :    Created a rawmodel in VAO 309   with vertex count 25500
01-06-2021 10:35:34 :    Created Textured model using rawmodel in VAO 309
01-06-2021 10:35:34 :    Created a rawmodel in VAO 310   with vertex count 25686
01-06-2021 10:35:34 :    Created Textured model using rawmodel in VAO 310
01-06-2021 10:35:34 :    Created a rawmodel in VAO 311   with vertex count 24378
01-06-2021 10:35:34 :    Created Textured model using rawmodel in VAO 311
01-06-2021 10:35:34 :    Created a rawmodel in VAO 312   with vertex count 24210
01-06-2021 10:35:34 :    Created Textured model using rawmodel in VAO 312
01-06-2021 10:35:34 :    Created a rawmodel in VAO 313   with vertex count 23490
01-06-2021 10:35:34 :    Created Textured model using rawmodel in VAO 313
01-06-2021 10:35:35 :    Created a rawmodel in VAO 314   with vertex count 23604
01-06-2021 10:35:35 :    Created Textured model using rawmodel in VAO 314
01-06-2021 10:35:35 :    Created a rawmodel in VAO 315   with vertex count 24306
01-06-2021 10:35:35 :    Created Textured model using rawmodel in VAO 315
01-06-2021 10:35:35 :    Created a rawmodel in VAO 316   with vertex count 24408
01-06-2021 10:35:35 :    Created Textured model using rawmodel in VAO 316
01-06-2021 10:35:35 :    Created a rawmodel in VAO 317   with vertex count 25560
01-06-2021 10:35:35 :    Created Textured model using rawmodel in VAO 317
01-06-2021 10:35:35 :    Created a rawmodel in VAO 318   with vertex count 25614
01-06-2021 10:35:35 :    Created Textured model using rawmodel in VAO 318
01-06-2021 10:35:35 :    Created a rawmodel in VAO 319   with vertex count 24636
01-06-2021 10:35:35 :    Created Textured model using rawmodel in VAO 319
01-06-2021 10:35:35 :    Created a rawmodel in VAO 320   with vertex count 26382
01-06-2021 10:35:35 :    Created Textured model using rawmodel in VAO 320
01-06-2021 10:35:35 :    Created a rawmodel in VAO 321   with vertex count 28128
01-06-2021 10:35:35 :    Created Textured model using rawmodel in VAO 321
01-06-2021 10:35:35 :    Created a rawmodel in VAO 322   with vertex count 27072
01-06-2021 10:35:35 :    Created Textured model using rawmodel in VAO 322
01-06-2021 10:35:36 :    Created a rawmodel in VAO 323   with vertex count 30198
01-06-2021 10:35:36 :    Created Textured model using rawmodel in VAO 323
01-06-2021 10:35:36 :    Created a rawmodel in VAO 324   with vertex count 26898
01-06-2021 10:35:36 :    Created Textured model using rawmodel in VAO 324
01-06-2021 10:35:36 :    Created a rawmodel in VAO 325   with vertex count 26448
01-06-2021 10:35:36 :    Created Textured model using rawmodel in VAO 325
01-06-2021 10:35:36 :    Created a rawmodel in VAO 326   with vertex count 28482
01-06-2021 10:35:36 :    Created Textured model using rawmodel in VAO 326
01-06-2021 10:35:36 :    Created a rawmodel in VAO 327   with vertex count 26520
01-06-2021 10:35:36 :    Created Textured model using rawmodel in VAO 327
01-06-2021 10:35:36 :    Created a rawmodel in VAO 328   with vertex count 25680
01-06-2021 10:35:36 :    Created Textured model using rawmodel in VAO 328
01-06-2021 10:35:36 :    Created a rawmodel in VAO 329   with vertex count 24690
01-06-2021 10:35:36 :    Created Textured model using rawmodel in VAO 329
01-06-2021 10:35:36 :    Created a rawmodel in VAO 330   with vertex count 24648
01-06-2021 10:35:36 :    Created Textured model using rawmodel in VAO 330
01-06-2021 10:35:36 :    Created a rawmodel in VAO 331   with vertex count 25464
01-06-2021 10:35:36 :    Created Textured model using rawmodel in VAO 331
01-06-2021 10:35:36 :    Created a rawmodel in VAO 332   with vertex count 26256
01-06-2021 10:35:36 :    Created Textured model using rawmodel in VAO 332
01-06-2021 10:35:36 :    Created a rawmodel in VAO 333   with vertex count 28356
01-06-2021 10:35:36 :    Created Textured model using rawmodel in VAO 333
01-06-2021 10:35:37 :    Created a rawmodel in VAO 334   with vertex count 26964
01-06-2021 10:35:37 :    Created Textured model using rawmodel in VAO 334
01-06-2021 10:35:37 :    Created a rawmodel in VAO 335   with vertex count 26256
01-06-2021 10:35:37 :    Created Textured model using rawmodel in VAO 335
01-06-2021 10:35:37 :    Created a rawmodel in VAO 336   with vertex count 29676
01-06-2021 10:35:37 :    Created Textured model using rawmodel in VAO 336
01-06-2021 10:35:37 :    Created a rawmodel in VAO 337   with vertex count 28944
01-06-2021 10:35:37 :    Created Textured model using rawmodel in VAO 337
01-06-2021 10:35:37 :    Created a rawmodel in VAO 338   with vertex count 29328
01-06-2021 10:35:37 :    Created Textured model using rawmodel in VAO 338
01-06-2021 10:35:37 :    Created a rawmodel in VAO 339   with vertex count 31368
01-06-2021 10:35:37 :    Created Textured model using rawmodel in VAO 339
01-06-2021 10:35:37 :    Created a rawmodel in VAO 340   with vertex count 29382
01-06-2021 10:35:37 :    Created Textured model using rawmodel in VAO 340
01-06-2021 10:35:37 :    Created a rawmodel in VAO 341   with vertex count 27804
01-06-2021 10:35:37 :    Created Textured model using rawmodel in VAO 341
01-06-2021 10:35:37 :    Created a rawmodel in VAO 342   with vertex count 28458
01-06-2021 10:35:37 :    Created Textured model using rawmodel in VAO 342
01-06-2021 10:35:37 :    Created a rawmodel in VAO 343   with vertex count 26754
01-06-2021 10:35:37 :    Created Textured model using rawmodel in VAO 343
01-06-2021 10:35:37 :    Created a rawmodel in VAO 344   with vertex count 26526
01-06-2021 10:35:37 :    Created Textured model using rawmodel in VAO 344
01-06-2021 10:35:37 :    Created a rawmodel in VAO 345   with vertex count 25164
01-06-2021 10:35:37 :    Created Textured model using rawmodel in VAO 345
01-06-2021 10:35:38 :    Created a rawmodel in VAO 346   with vertex count 25158
01-06-2021 10:35:38 :    Created Textured model using rawmodel in VAO 346
01-06-2021 10:35:38 :    Created a rawmodel in VAO 347   with vertex count 26418
01-06-2021 10:35:38 :    Created Textured model using rawmodel in VAO 347
01-06-2021 10:35:38 :    Created a rawmodel in VAO 348   with vertex count 26688
01-06-2021 10:35:38 :    Created Textured model using rawmodel in VAO 348
01-06-2021 10:35:38 :    Created a rawmodel in VAO 349   with vertex count 28338
01-06-2021 10:35:38 :    Created Textured model using rawmodel in VAO 349
01-06-2021 10:35:38 :    Created a rawmodel in VAO 350   with vertex count 27582
01-06-2021 10:35:38 :    Created Textured model using rawmodel in VAO 350
01-06-2021 10:35:38 :    Created a rawmodel in VAO 351   with vertex count 29514
01-06-2021 10:35:38 :    Created Textured model using rawmodel in VAO 351
01-06-2021 10:35:38 :    Created a rawmodel in VAO 352   with vertex count 30594
01-06-2021 10:35:38 :    Created Textured model using rawmodel in VAO 352
01-06-2021 10:35:38 :    Created a rawmodel in VAO 353   with vertex count 31392
01-06-2021 10:35:38 :    Created Textured model using rawmodel in VAO 353
01-06-2021 10:35:38 :    Created a rawmodel in VAO 354   with vertex count 31230
01-06-2021 10:35:38 :    Created Textured model using rawmodel in VAO 354
01-06-2021 10:35:38 :    Created a rawmodel in VAO 355   with vertex count 30210
01-06-2021 10:35:38 :    Created Textured model using rawmodel in VAO 355
01-06-2021 10:35:39 :    Created a rawmodel in VAO 356   with vertex count 29538
01-06-2021 10:35:39 :    Created Textured model using rawmodel in VAO 356
01-06-2021 10:35:39 :    Created a rawmodel in VAO 357   with vertex count 27744
01-06-2021 10:35:39 :    Created Textured model using rawmodel in VAO 357
01-06-2021 10:35:39 :    Created a rawmodel in VAO 358   with vertex count 28698
01-06-2021 10:35:39 :    Created Textured model using rawmodel in VAO 358
01-06-2021 10:35:39 :    Created a rawmodel in VAO 359   with vertex count 26298
01-06-2021 10:35:39 :    Created Textured model using rawmodel in VAO 359
01-06-2021 10:35:39 :    Created a rawmodel in VAO 360   with vertex count 24234
01-06-2021 10:35:39 :    Created Textured model using rawmodel in VAO 360
01-06-2021 10:35:39 :    Created a rawmodel in VAO 361   with vertex count 23424
01-06-2021 10:35:39 :    Created Textured model using rawmodel in VAO 361
01-06-2021 10:35:39 :    Created a rawmodel in VAO 362   with vertex count 23424
01-06-2021 10:35:39 :    Created Textured model using rawmodel in VAO 362
01-06-2021 10:35:39 :    Created a rawmodel in VAO 363   with vertex count 23826
01-06-2021 10:35:39 :    Created Textured model using rawmodel in VAO 363
01-06-2021 10:35:39 :    Created a rawmodel in VAO 364   with vertex count 25986
01-06-2021 10:35:39 :    Created Textured model using rawmodel in VAO 364
01-06-2021 10:35:40 :    Created a rawmodel in VAO 365   with vertex count 27930
01-06-2021 10:35:40 :    Created Textured model using rawmodel in VAO 365
01-06-2021 10:35:40 :    Created a rawmodel in VAO 366   with vertex count 27672
01-06-2021 10:35:40 :    Created Textured model using rawmodel in VAO 366
01-06-2021 10:35:40 :    Created a rawmodel in VAO 367   with vertex count 29052
01-06-2021 10:35:40 :    Created Textured model using rawmodel in VAO 367
01-06-2021 10:35:40 :    Created a rawmodel in VAO 368   with vertex count 30528
01-06-2021 10:35:40 :    Created Textured model using rawmodel in VAO 368
01-06-2021 10:35:40 :    Created a rawmodel in VAO 369   with vertex count 30234
01-06-2021 10:35:40 :    Created Textured model using rawmodel in VAO 369
01-06-2021 10:35:40 :    Created a rawmodel in VAO 370   with vertex count 30468
01-06-2021 10:35:40 :    Created Textured model using rawmodel in VAO 370
01-06-2021 10:35:41 :    Created a rawmodel in VAO 371   with vertex count 31434
01-06-2021 10:35:41 :    Created Textured model using rawmodel in VAO 371
01-06-2021 10:35:41 :    Created a rawmodel in VAO 372   with vertex count 29058
01-06-2021 10:35:41 :    Created Textured model using rawmodel in VAO 372
01-06-2021 10:35:41 :    Created a rawmodel in VAO 373   with vertex count 28674
01-06-2021 10:35:41 :    Created Textured model using rawmodel in VAO 373
01-06-2021 10:35:41 :    Created a rawmodel in VAO 374   with vertex count 28572
01-06-2021 10:35:41 :    Created Textured model using rawmodel in VAO 374
01-06-2021 10:35:41 :    Created a rawmodel in VAO 375   with vertex count 25518
01-06-2021 10:35:41 :    Created Textured model using rawmodel in VAO 375
01-06-2021 10:35:41 :    Created a rawmodel in VAO 376   with vertex count 24546
01-06-2021 10:35:41 :    Created Textured model using rawmodel in VAO 376
01-06-2021 10:35:41 :    Created a rawmodel in VAO 377   with vertex count 24552
01-06-2021 10:35:41 :    Created Textured model using rawmodel in VAO 377
01-06-2021 10:35:41 :    Created a rawmodel in VAO 378   with vertex count 24714
01-06-2021 10:35:41 :    Created Textured model using rawmodel in VAO 378
01-06-2021 10:35:42 :    Created a rawmodel in VAO 379   with vertex count 24696
01-06-2021 10:35:42 :    Created Textured model using rawmodel in VAO 379
01-06-2021 10:35:42 :    Created a rawmodel in VAO 380   with vertex count 25446
01-06-2021 10:35:42 :    Created Textured model using rawmodel in VAO 380
01-06-2021 10:35:42 :    Created a rawmodel in VAO 381   with vertex count 28548
01-06-2021 10:35:42 :    Created Textured model using rawmodel in VAO 381
01-06-2021 10:35:42 :    Created a rawmodel in VAO 382   with vertex count 28152
01-06-2021 10:35:42 :    Created Textured model using rawmodel in VAO 382
01-06-2021 10:35:42 :    Created a rawmodel in VAO 383   with vertex count 29148
01-06-2021 10:35:42 :    Created Textured model using rawmodel in VAO 383
01-06-2021 10:35:42 :    Created a rawmodel in VAO 384   with vertex count 31314
01-06-2021 10:35:42 :    Created Textured model using rawmodel in VAO 384
01-06-2021 10:35:42 :    Created a rawmodel in VAO 385   with vertex count 31662
01-06-2021 10:35:42 :    Created Textured model using rawmodel in VAO 385
01-06-2021 10:35:43 :    Created a rawmodel in VAO 386   with vertex count 31410
01-06-2021 10:35:43 :    Created Textured model using rawmodel in VAO 386
01-06-2021 10:35:43 :    Created a rawmodel in VAO 387   with vertex count 32484
01-06-2021 10:35:43 :    Created Textured model using rawmodel in VAO 387
01-06-2021 10:35:43 :    Created a rawmodel in VAO 388   with vertex count 29988
01-06-2021 10:35:43 :    Created Textured model using rawmodel in VAO 388
01-06-2021 10:35:43 :    Created a rawmodel in VAO 389   with vertex count 30240
01-06-2021 10:35:43 :    Created Textured model using rawmodel in VAO 389
01-06-2021 10:35:43 :    Created a rawmodel in VAO 390   with vertex count 27084
01-06-2021 10:35:43 :    Created Textured model using rawmodel in VAO 390
01-06-2021 10:35:43 :    Created a rawmodel in VAO 391   with vertex count 27066
01-06-2021 10:35:43 :    Created Textured model using rawmodel in VAO 391
01-06-2021 10:35:43 :    Created a rawmodel in VAO 392   with vertex count 24894
01-06-2021 10:35:43 :    Created Textured model using rawmodel in VAO 392
01-06-2021 10:35:43 :    Created a rawmodel in VAO 393   with vertex count 25482
01-06-2021 10:35:43 :    Created Textured model using rawmodel in VAO 393
01-06-2021 10:35:44 :    Created a rawmodel in VAO 394   with vertex count 25716
01-06-2021 10:35:44 :    Created Textured model using rawmodel in VAO 394
01-06-2021 10:35:44 :    Created a rawmodel in VAO 395   with vertex count 24822
01-06-2021 10:35:44 :    Created Textured model using rawmodel in VAO 395
01-06-2021 10:35:44 :    Created a rawmodel in VAO 396   with vertex count 26352
01-06-2021 10:35:44 :    Created Textured model using rawmodel in VAO 396
01-06-2021 10:35:44 :    Created a rawmodel in VAO 397   with vertex count 27714
01-06-2021 10:35:44 :    Created Textured model using rawmodel in VAO 397
01-06-2021 10:35:44 :    Created a rawmodel in VAO 398   with vertex count 28734
01-06-2021 10:35:44 :    Created Textured model using rawmodel in VAO 398
01-06-2021 10:35:44 :    Created a rawmodel in VAO 399   with vertex count 29916
01-06-2021 10:35:44 :    Created Textured model using rawmodel in VAO 399
01-06-2021 10:35:44 :    Created a rawmodel in VAO 400   with vertex count 31878
01-06-2021 10:35:44 :    Created Textured model using rawmodel in VAO 400
01-06-2021 10:35:44 :    Created a rawmodel in VAO 401   with vertex count 31236
01-06-2021 10:35:44 :    Created Textured model using rawmodel in VAO 401
01-06-2021 10:35:45 :    Created a rawmodel in VAO 402   with vertex count 30204
01-06-2021 10:35:45 :    Created Textured model using rawmodel in VAO 402
01-06-2021 10:35:45 :    Created a rawmodel in VAO 403   with vertex count 32160
01-06-2021 10:35:45 :    Created Textured model using rawmodel in VAO 403
01-06-2021 10:35:45 :    Created a rawmodel in VAO 404   with vertex count 32484
01-06-2021 10:35:45 :    Created Textured model using rawmodel in VAO 404
01-06-2021 10:35:45 :    Created a rawmodel in VAO 405   with vertex count 29160
01-06-2021 10:35:45 :    Created Textured model using rawmodel in VAO 405
01-06-2021 10:35:45 :    Created a rawmodel in VAO 406   with vertex count 28818
01-06-2021 10:35:45 :    Created Textured model using rawmodel in VAO 406
01-06-2021 10:35:45 :    Created a rawmodel in VAO 407   with vertex count 28380
01-06-2021 10:35:45 :    Created Textured model using rawmodel in VAO 407
01-06-2021 10:35:45 :    Created a rawmodel in VAO 408   with vertex count 26652
01-06-2021 10:35:45 :    Created Textured model using rawmodel in VAO 408
01-06-2021 10:35:45 :    Created a rawmodel in VAO 409   with vertex count 25956
01-06-2021 10:35:45 :    Created Textured model using rawmodel in VAO 409
01-06-2021 10:35:45 :    Created a rawmodel in VAO 410   with vertex count 25800
01-06-2021 10:35:45 :    Created Textured model using rawmodel in VAO 410
01-06-2021 10:35:46 :    Created a rawmodel in VAO 411   with vertex count 26382
01-06-2021 10:35:46 :    Created Textured model using rawmodel in VAO 411
01-06-2021 10:35:46 :    Created a rawmodel in VAO 412   with vertex count 28416
01-06-2021 10:35:46 :    Created Textured model using rawmodel in VAO 412
01-06-2021 10:35:46 :    Created a rawmodel in VAO 413   with vertex count 28260
01-06-2021 10:35:46 :    Created Textured model using rawmodel in VAO 413
01-06-2021 10:35:46 :    Created a rawmodel in VAO 414   with vertex count 30024
01-06-2021 10:35:46 :    Created Textured model using rawmodel in VAO 414
01-06-2021 10:35:46 :    Created a rawmodel in VAO 415   with vertex count 32316
01-06-2021 10:35:46 :    Created Textured model using rawmodel in VAO 415
01-06-2021 10:35:46 :    Created a rawmodel in VAO 416   with vertex count 32706
01-06-2021 10:35:46 :    Created Textured model using rawmodel in VAO 416
01-06-2021 10:35:46 :    Created a rawmodel in VAO 417   with vertex count 32382
01-06-2021 10:35:46 :    Created Textured model using rawmodel in VAO 417
01-06-2021 10:35:46 :    Created a rawmodel in VAO 418   with vertex count 32022
01-06-2021 10:35:46 :    Created Textured model using rawmodel in VAO 418
01-06-2021 10:35:47 :    Created a rawmodel in VAO 419   with vertex count 32982
01-06-2021 10:35:47 :    Created Textured model using rawmodel in VAO 419
01-06-2021 10:35:47 :    Created a rawmodel in VAO 420   with vertex count 33162
01-06-2021 10:35:47 :    Created Textured model using rawmodel in VAO 420
01-06-2021 10:35:47 :    Created a rawmodel in VAO 421   with vertex count 31608
01-06-2021 10:35:47 :    Created Textured model using rawmodel in VAO 421
01-06-2021 10:35:47 :    Created a rawmodel in VAO 422   with vertex count 29700
01-06-2021 10:35:47 :    Created Textured model using rawmodel in VAO 422
01-06-2021 10:35:47 :    Created a rawmodel in VAO 423   with vertex count 28668
01-06-2021 10:35:47 :    Created Textured model using rawmodel in VAO 423
01-06-2021 10:35:47 :    Created a rawmodel in VAO 424   with vertex count 26508
01-06-2021 10:35:47 :    Created Textured model using rawmodel in VAO 424
01-06-2021 10:35:47 :    Created a rawmodel in VAO 425   with vertex count 26844
01-06-2021 10:35:47 :    Created Textured model using rawmodel in VAO 425
01-06-2021 10:35:47 :    Created a rawmodel in VAO 426   with vertex count 26844
01-06-2021 10:35:47 :    Created Textured model using rawmodel in VAO 426
01-06-2021 10:35:48 :    Created a rawmodel in VAO 427   with vertex count 26844
01-06-2021 10:35:48 :    Created Textured model using rawmodel in VAO 427
01-06-2021 10:35:48 :    Created a rawmodel in VAO 428   with vertex count 28890
01-06-2021 10:35:48 :    Created Textured model using rawmodel in VAO 428
01-06-2021 10:35:48 :    Created a rawmodel in VAO 429   with vertex count 29592
01-06-2021 10:35:48 :    Created Textured model using rawmodel in VAO 429
01-06-2021 10:35:48 :    Created a rawmodel in VAO 430   with vertex count 31170
01-06-2021 10:35:48 :    Created Textured model using rawmodel in VAO 430
01-06-2021 10:35:48 :    Created a rawmodel in VAO 431   with vertex count 32988
01-06-2021 10:35:48 :    Created Textured model using rawmodel in VAO 431
01-06-2021 10:35:48 :    Created a rawmodel in VAO 432   with vertex count 33090
01-06-2021 10:35:48 :    Created Textured model using rawmodel in VAO 432
01-06-2021 10:35:48 :    Created a rawmodel in VAO 433   with vertex count 30336
01-06-2021 10:35:48 :    Created Textured model using rawmodel in VAO 433
01-06-2021 10:35:49 :    Created a rawmodel in VAO 434   with vertex count 34230
01-06-2021 10:35:49 :    Created Textured model using rawmodel in VAO 434
01-06-2021 10:35:49 :    Created a rawmodel in VAO 435   with vertex count 32592
01-06-2021 10:35:49 :    Created Textured model using rawmodel in VAO 435
01-06-2021 10:35:49 :    Created a rawmodel in VAO 436   with vertex count 32238
01-06-2021 10:35:49 :    Created Textured model using rawmodel in VAO 436
01-06-2021 10:35:49 :    Created a rawmodel in VAO 437   with vertex count 30660
01-06-2021 10:35:49 :    Created Textured model using rawmodel in VAO 437
01-06-2021 10:35:49 :    Created a rawmodel in VAO 438   with vertex count 29184
01-06-2021 10:35:49 :    Created Textured model using rawmodel in VAO 438
01-06-2021 10:35:49 :    Created a rawmodel in VAO 439   with vertex count 27978
01-06-2021 10:35:49 :    Created Textured model using rawmodel in VAO 439
01-06-2021 10:35:49 :    Created a rawmodel in VAO 440   with vertex count 27348
01-06-2021 10:35:49 :    Created Textured model using rawmodel in VAO 440
01-06-2021 10:35:49 :    Created a rawmodel in VAO 441   with vertex count 25440
01-06-2021 10:35:49 :    Created Textured model using rawmodel in VAO 441
01-06-2021 10:35:50 :    Created a rawmodel in VAO 442   with vertex count 25230
01-06-2021 10:35:50 :    Created Textured model using rawmodel in VAO 442
01-06-2021 10:35:50 :    Created a rawmodel in VAO 443   with vertex count 26634
01-06-2021 10:35:50 :    Created Textured model using rawmodel in VAO 443
01-06-2021 10:35:50 :    Created a rawmodel in VAO 444   with vertex count 28992
01-06-2021 10:35:50 :    Created Textured model using rawmodel in VAO 444
01-06-2021 10:35:50 :    Created a rawmodel in VAO 445   with vertex count 29112
01-06-2021 10:35:50 :    Created Textured model using rawmodel in VAO 445
01-06-2021 10:35:50 :    Created a rawmodel in VAO 446   with vertex count 29634
01-06-2021 10:35:50 :    Created Textured model using rawmodel in VAO 446
01-06-2021 10:35:50 :    Created a rawmodel in VAO 447   with vertex count 32976
01-06-2021 10:35:50 :    Created Textured model using rawmodel in VAO 447
01-06-2021 10:35:50 :    Created a rawmodel in VAO 448   with vertex count 32520
01-06-2021 10:35:50 :    Created Textured model using rawmodel in VAO 448
01-06-2021 10:35:50 :    Created a rawmodel in VAO 449   with vertex count 34002
01-06-2021 10:35:50 :    Created Textured model using rawmodel in VAO 449
01-06-2021 10:35:51 :    Created a rawmodel in VAO 450   with vertex count 33288
01-06-2021 10:35:51 :    Created Textured model using rawmodel in VAO 450
01-06-2021 10:35:51 :    Created a rawmodel in VAO 451   with vertex count 34470
01-06-2021 10:35:51 :    Created Textured model using rawmodel in VAO 451
01-06-2021 10:35:51 :    Exited game loop, closing display and exiting game...
01-06-2021 10:35:51 :    Detached vertex shader from shader program...
01-06-2021 10:35:51 :    Detached fragment shader from shader program...
01-06-2021 10:35:51 :    Deleted vertex shader...
01-06-2021 10:35:51 :    Deleted fragment shader...
01-06-2021 10:35:51 :    Deleted shader program
01-06-2021 10:35:51 :    Detached vertex shader from shader program...
01-06-2021 10:35:51 :    Detached fragment shader from shader program...
01-06-2021 10:35:51 :    Deleted vertex shader...
01-06-2021 10:35:51 :    Deleted fragment shader...
01-06-2021 10:35:51 :    Deleted shader program
01-06-2021 10:35:51 :    Average FPS this game session: 55
01-06-2021 10:35:51 :    Average delta time (time taken to render) this game session: 0.020584133
01-06-2021 10:35:51 :    LOGGING FINISHED
