LOGGING STARTED AT: 20-05-2021 19:06:54

20-05-2021 19:06:54 :    Starting game...
20-05-2021 19:06:55 :    Created display...
20-05-2021 19:06:55 :    Attached vertex shader to shader program...
20-05-2021 19:06:55 :    Attached fragment shader to shader program...
20-05-2021 19:06:55 :    Bound attribute position to VAO index 0...
20-05-2021 19:06:55 :    Bound attribute textureCoords to VAO index 1...
20-05-2021 19:06:55 :    Bound all shader attributes to shader program...
20-05-2021 19:06:55 :    Linked and validated shader program...
20-05-2021 19:06:55 :    Accessing uniform variable transformationMatrix...
20-05-2021 19:06:55 :    Retrieved transformationMatrix location : 1
20-05-2021 19:06:55 :    Accessing uniform variable projectionMatrix...
20-05-2021 19:06:55 :    Retrieved projectionMatrix location : 0
20-05-2021 19:06:55 :    Accessing uniform variable viewMatrix...
20-05-2021 19:06:55 :    Retrieved projectionMatrix location : 2
20-05-2021 19:06:55 :    Finished retrieving uniform locations...
20-05-2021 19:06:55 :    Loaded asset src/shaders/vertexShader.glsl...
20-05-2021 19:06:55 :    Loaded asset src/shaders/fragmentShader.glsl...
20-05-2021 19:06:55 :    Attached vertex shader to shader program...
20-05-2021 19:06:55 :    Attached fragment shader to shader program...
20-05-2021 19:06:55 :    Bound attribute position to VAO index 0...
20-05-2021 19:06:55 :    Bound attribute textureCoords to VAO index 1...
20-05-2021 19:06:55 :    Bound all shader attributes to shader program...
20-05-2021 19:06:55 :    Linked and validated shader program...
20-05-2021 19:06:55 :    Accessing uniform variable transformationMatrix...
20-05-2021 19:06:55 :    Retrieved transformationMatrix location : 1
20-05-2021 19:06:55 :    Accessing uniform variable projectionMatrix...
20-05-2021 19:06:55 :    Retrieved projectionMatrix location : 0
20-05-2021 19:06:55 :    Accessing uniform variable viewMatrix...
20-05-2021 19:06:55 :    Retrieved projectionMatrix location : 2
20-05-2021 19:06:55 :    Finished retrieving uniform locations...
20-05-2021 19:06:55 :    Loaded asset src/shaders/vertexShader.glsl...
20-05-2021 19:06:55 :    Loaded asset src/shaders/fragmentShader.glsl...
20-05-2021 19:06:55 :    Created MasterRenderer and Loader...
20-05-2021 19:06:55 :    Strong data in attribute list 0...
20-05-2021 19:06:55 :    Storing data in float buffer...
20-05-2021 19:06:55 :    Strong data in attribute list 1...
20-05-2021 19:06:55 :    Storing data in float buffer...
20-05-2021 19:06:55 :    Binding indices buffer...
20-05-2021 19:06:55 :    Storing data in int buffer...
20-05-2021 19:06:55 :    Created a rawmodel in VAO 1   with vertex count 36
20-05-2021 19:06:56 :    Created ModelTexture using asset res/textures/grid.PNG ...
20-05-2021 19:06:56 :    Created Textured model using rawmodel in VAO 1
20-05-2021 19:06:56 :    Entering main game loop...
20-05-2021 19:06:56 :    Terrain generating thread starting...
20-05-2021 19:06:56 :    Strong data in attribute list 0...
20-05-2021 19:06:56 :    Storing data in float buffer...
20-05-2021 19:06:56 :    Strong data in attribute list 1...
20-05-2021 19:06:56 :    Storing data in float buffer...
20-05-2021 19:06:56 :    Created a rawmodel in VAO 2   with vertex count 8124
20-05-2021 19:06:56 :    Created Textured model using rawmodel in VAO 2
20-05-2021 19:06:56 :    Strong data in attribute list 0...
20-05-2021 19:06:56 :    Storing data in float buffer...
20-05-2021 19:06:56 :    Strong data in attribute list 1...
20-05-2021 19:06:56 :    Storing data in float buffer...
20-05-2021 19:06:56 :    Created a rawmodel in VAO 3   with vertex count 7500
20-05-2021 19:06:56 :    Created Textured model using rawmodel in VAO 3
20-05-2021 19:06:57 :    Strong data in attribute list 0...
20-05-2021 19:06:57 :    Storing data in float buffer...
20-05-2021 19:06:57 :    Strong data in attribute list 1...
20-05-2021 19:06:57 :    Storing data in float buffer...
20-05-2021 19:06:57 :    Created a rawmodel in VAO 4   with vertex count 7044
20-05-2021 19:06:57 :    Created Textured model using rawmodel in VAO 4
20-05-2021 19:06:57 :    Strong data in attribute list 0...
20-05-2021 19:06:57 :    Storing data in float buffer...
20-05-2021 19:06:57 :    Strong data in attribute list 1...
20-05-2021 19:06:57 :    Storing data in float buffer...
20-05-2021 19:06:57 :    Created a rawmodel in VAO 5   with vertex count 6912
20-05-2021 19:06:57 :    Created Textured model using rawmodel in VAO 5
20-05-2021 19:06:57 :    Strong data in attribute list 0...
20-05-2021 19:06:57 :    Storing data in float buffer...
20-05-2021 19:06:57 :    Strong data in attribute list 1...
20-05-2021 19:06:57 :    Storing data in float buffer...
20-05-2021 19:06:57 :    Created a rawmodel in VAO 6   with vertex count 7224
20-05-2021 19:06:57 :    Created Textured model using rawmodel in VAO 6
20-05-2021 19:06:57 :    Strong data in attribute list 0...
20-05-2021 19:06:57 :    Storing data in float buffer...
20-05-2021 19:06:57 :    Strong data in attribute list 1...
20-05-2021 19:06:57 :    Storing data in float buffer...
20-05-2021 19:06:57 :    Created a rawmodel in VAO 7   with vertex count 7692
20-05-2021 19:06:57 :    Created Textured model using rawmodel in VAO 7
20-05-2021 19:06:57 :    Strong data in attribute list 0...
20-05-2021 19:06:57 :    Storing data in float buffer...
20-05-2021 19:06:57 :    Strong data in attribute list 1...
20-05-2021 19:06:57 :    Storing data in float buffer...
20-05-2021 19:06:57 :    Created a rawmodel in VAO 8   with vertex count 8316
20-05-2021 19:06:57 :    Created Textured model using rawmodel in VAO 8
20-05-2021 19:06:57 :    Strong data in attribute list 0...
20-05-2021 19:06:57 :    Storing data in float buffer...
20-05-2021 19:06:57 :    Strong data in attribute list 1...
20-05-2021 19:06:57 :    Storing data in float buffer...
20-05-2021 19:06:57 :    Created a rawmodel in VAO 9   with vertex count 8544
20-05-2021 19:06:57 :    Created Textured model using rawmodel in VAO 9
20-05-2021 19:06:57 :    Strong data in attribute list 0...
20-05-2021 19:06:57 :    Storing data in float buffer...
20-05-2021 19:06:57 :    Strong data in attribute list 1...
20-05-2021 19:06:57 :    Storing data in float buffer...
20-05-2021 19:06:57 :    Created a rawmodel in VAO 10   with vertex count 8064
20-05-2021 19:06:57 :    Created Textured model using rawmodel in VAO 10
20-05-2021 19:06:57 :    Strong data in attribute list 0...
20-05-2021 19:06:57 :    Storing data in float buffer...
20-05-2021 19:06:57 :    Strong data in attribute list 1...
20-05-2021 19:06:57 :    Storing data in float buffer...
20-05-2021 19:06:57 :    Created a rawmodel in VAO 11   with vertex count 7296
20-05-2021 19:06:57 :    Created Textured model using rawmodel in VAO 11
20-05-2021 19:06:57 :    Strong data in attribute list 0...
20-05-2021 19:06:57 :    Storing data in float buffer...
20-05-2021 19:06:57 :    Strong data in attribute list 1...
20-05-2021 19:06:57 :    Storing data in float buffer...
20-05-2021 19:06:57 :    Created a rawmodel in VAO 12   with vertex count 8892
20-05-2021 19:06:57 :    Created Textured model using rawmodel in VAO 12
20-05-2021 19:06:57 :    Strong data in attribute list 0...
20-05-2021 19:06:57 :    Storing data in float buffer...
20-05-2021 19:06:57 :    Strong data in attribute list 1...
20-05-2021 19:06:57 :    Storing data in float buffer...
20-05-2021 19:06:57 :    Created a rawmodel in VAO 13   with vertex count 8880
20-05-2021 19:06:57 :    Created Textured model using rawmodel in VAO 13
20-05-2021 19:06:57 :    Strong data in attribute list 0...
20-05-2021 19:06:57 :    Storing data in float buffer...
20-05-2021 19:06:57 :    Strong data in attribute list 1...
20-05-2021 19:06:57 :    Storing data in float buffer...
20-05-2021 19:06:57 :    Created a rawmodel in VAO 14   with vertex count 7356
20-05-2021 19:06:57 :    Created Textured model using rawmodel in VAO 14
20-05-2021 19:06:57 :    Strong data in attribute list 0...
20-05-2021 19:06:57 :    Storing data in float buffer...
20-05-2021 19:06:57 :    Strong data in attribute list 1...
20-05-2021 19:06:57 :    Storing data in float buffer...
20-05-2021 19:06:57 :    Created a rawmodel in VAO 15   with vertex count 8004
20-05-2021 19:06:57 :    Created Textured model using rawmodel in VAO 15
20-05-2021 19:06:57 :    Strong data in attribute list 0...
20-05-2021 19:06:57 :    Storing data in float buffer...
20-05-2021 19:06:57 :    Strong data in attribute list 1...
20-05-2021 19:06:57 :    Storing data in float buffer...
20-05-2021 19:06:57 :    Created a rawmodel in VAO 16   with vertex count 8556
20-05-2021 19:06:57 :    Created Textured model using rawmodel in VAO 16
20-05-2021 19:06:57 :    Strong data in attribute list 0...
20-05-2021 19:06:57 :    Storing data in float buffer...
20-05-2021 19:06:57 :    Strong data in attribute list 1...
20-05-2021 19:06:57 :    Storing data in float buffer...
20-05-2021 19:06:57 :    Created a rawmodel in VAO 17   with vertex count 8352
20-05-2021 19:06:57 :    Created Textured model using rawmodel in VAO 17
20-05-2021 19:06:57 :    Strong data in attribute list 0...
20-05-2021 19:06:57 :    Storing data in float buffer...
20-05-2021 19:06:57 :    Strong data in attribute list 1...
20-05-2021 19:06:57 :    Storing data in float buffer...
20-05-2021 19:06:57 :    Created a rawmodel in VAO 18   with vertex count 7692
20-05-2021 19:06:57 :    Created Textured model using rawmodel in VAO 18
20-05-2021 19:06:57 :    Exited game loop, closing display and exiting game...
20-05-2021 19:06:57 :    Deleted VAO 1...
20-05-2021 19:06:57 :    Deleted VAO 2...
20-05-2021 19:06:57 :    Deleted VAO 3...
20-05-2021 19:06:57 :    Deleted VAO 4...
20-05-2021 19:06:57 :    Deleted VAO 5...
20-05-2021 19:06:57 :    Deleted VAO 6...
20-05-2021 19:06:57 :    Deleted VAO 7...
20-05-2021 19:06:57 :    Deleted VAO 8...
20-05-2021 19:06:57 :    Deleted VAO 9...
20-05-2021 19:06:57 :    Deleted VAO 10...
20-05-2021 19:06:57 :    Deleted VAO 11...
20-05-2021 19:06:57 :    Deleted VAO 12...
20-05-2021 19:06:57 :    Deleted VAO 13...
20-05-2021 19:06:57 :    Deleted VAO 14...
20-05-2021 19:06:57 :    Deleted VAO 15...
20-05-2021 19:06:57 :    Deleted VAO 16...
20-05-2021 19:06:57 :    Deleted VAO 17...
20-05-2021 19:06:57 :    Deleted VAO 18...
20-05-2021 19:06:57 :    Deleted VBO 1...
20-05-2021 19:06:57 :    Deleted VBO 2...
20-05-2021 19:06:57 :    Deleted VBO 3...
20-05-2021 19:06:57 :    Deleted VBO 4...
20-05-2021 19:06:57 :    Deleted VBO 5...
20-05-2021 19:06:57 :    Deleted VBO 6...
20-05-2021 19:06:57 :    Deleted VBO 7...
20-05-2021 19:06:57 :    Deleted VBO 8...
20-05-2021 19:06:57 :    Deleted VBO 9...
20-05-2021 19:06:57 :    Deleted VBO 10...
20-05-2021 19:06:57 :    Deleted VBO 11...
20-05-2021 19:06:57 :    Deleted VBO 12...
20-05-2021 19:06:57 :    Deleted VBO 13...
20-05-2021 19:06:57 :    Deleted VBO 14...
20-05-2021 19:06:57 :    Deleted VBO 15...
20-05-2021 19:06:57 :    Deleted VBO 16...
20-05-2021 19:06:57 :    Deleted VBO 17...
20-05-2021 19:06:57 :    Deleted VBO 18...
20-05-2021 19:06:57 :    Deleted VBO 19...
20-05-2021 19:06:57 :    Deleted VBO 20...
20-05-2021 19:06:57 :    Deleted VBO 21...
20-05-2021 19:06:57 :    Deleted VBO 22...
20-05-2021 19:06:57 :    Deleted VBO 23...
20-05-2021 19:06:57 :    Deleted VBO 24...
20-05-2021 19:06:57 :    Deleted VBO 25...
20-05-2021 19:06:57 :    Deleted VBO 26...
20-05-2021 19:06:57 :    Deleted VBO 27...
20-05-2021 19:06:57 :    Deleted VBO 28...
20-05-2021 19:06:57 :    Deleted VBO 29...
20-05-2021 19:06:57 :    Deleted VBO 30...
20-05-2021 19:06:57 :    Deleted VBO 31...
20-05-2021 19:06:57 :    Deleted VBO 32...
20-05-2021 19:06:57 :    Deleted VBO 33...
20-05-2021 19:06:57 :    Deleted VBO 34...
20-05-2021 19:06:57 :    Deleted VBO 35...
20-05-2021 19:06:57 :    Deleted VBO 36...
20-05-2021 19:06:57 :    Deleted VBO 37...
20-05-2021 19:06:57 :    Deleted texture, ID: 1    File: textures/blocks/dirt.PNG ...
20-05-2021 19:06:57 :    Detached vertex shader from shader program...
20-05-2021 19:06:57 :    Detached fragment shader from shader program...
20-05-2021 19:06:57 :    Deleted vertex shader...
20-05-2021 19:06:57 :    Deleted fragment shader...
20-05-2021 19:06:57 :    Deleted shader program
20-05-2021 19:06:57 :    Detached vertex shader from shader program...
20-05-2021 19:06:57 :    Detached fragment shader from shader program...
20-05-2021 19:06:57 :    Deleted vertex shader...
20-05-2021 19:06:57 :    Deleted fragment shader...
20-05-2021 19:06:57 :    Deleted shader program
20-05-2021 19:06:57 :    Average FPS this game session: 64
20-05-2021 19:06:57 :    Average delta time (time taken to render) this game session: 0.015399998
20-05-2021 19:06:57 :    LOGGING FINISHED
