LOGGING STARTED AT: 17-05-2021 19:33:33

17-05-2021 19:33:33 :    Starting game...
17-05-2021 19:33:33 :    Creating display...
17-05-2021 19:33:33 :    Attached vertex shader to shader program...
17-05-2021 19:33:33 :    Attached fragment shader to shader program...
17-05-2021 19:33:33 :    Bound attribute position to VAO index 0...
17-05-2021 19:33:33 :    Bound attribute textureCoords to VAO index 1...
17-05-2021 19:33:33 :    Bound all shader attributes to shader program...
17-05-2021 19:33:33 :    Linked and validated shader program...
17-05-2021 19:33:33 :    Accessing uniform variable transformationMatrix...
17-05-2021 19:33:33 :    Retrieved transformationMatrix location : 1
17-05-2021 19:33:33 :    Accessing uniform variable projectionMatrix...
17-05-2021 19:33:33 :    Retrieved projectionMatrix location : 0
17-05-2021 19:33:33 :    Accessing uniform variable viewMatrix...
17-05-2021 19:33:33 :    Retrieved projectionMatrix location : 2
17-05-2021 19:33:33 :    Finished retrieving uniform locations...
17-05-2021 19:33:33 :    Loaded asset src/shaders/vertexShader.glsl...
17-05-2021 19:33:33 :    Loaded asset src/shaders/fragmentShader.glsl...
17-05-2021 19:33:33 :    Attached vertex shader to shader program...
17-05-2021 19:33:33 :    Attached fragment shader to shader program...
17-05-2021 19:33:33 :    Bound attribute position to VAO index 0...
17-05-2021 19:33:33 :    Bound attribute textureCoords to VAO index 1...
17-05-2021 19:33:33 :    Bound all shader attributes to shader program...
17-05-2021 19:33:33 :    Linked and validated shader program...
17-05-2021 19:33:33 :    Accessing uniform variable transformationMatrix...
17-05-2021 19:33:33 :    Retrieved transformationMatrix location : 1
17-05-2021 19:33:33 :    Accessing uniform variable projectionMatrix...
17-05-2021 19:33:33 :    Retrieved projectionMatrix location : 0
17-05-2021 19:33:33 :    Accessing uniform variable viewMatrix...
17-05-2021 19:33:33 :    Retrieved projectionMatrix location : 2
17-05-2021 19:33:33 :    Finished retrieving uniform locations...
17-05-2021 19:33:33 :    Loaded asset src/shaders/vertexShader.glsl...
17-05-2021 19:33:33 :    Loaded asset src/shaders/fragmentShader.glsl...
17-05-2021 19:33:33 :    Created MasterRenderer, Loader and StaticShader
17-05-2021 19:33:33 :    Strong data in attribute list 0...
17-05-2021 19:33:33 :    Storing data in float buffer...
17-05-2021 19:33:33 :    Strong data in attribute list 1...
17-05-2021 19:33:33 :    Storing data in float buffer...
17-05-2021 19:33:33 :    Binding indices buffer...
17-05-2021 19:33:33 :    Storing data in int buffer...
17-05-2021 19:33:33 :    Created a rawmodel in VAO 1   with vertex count 36
17-05-2021 19:33:33 :    Loaded asset res/textures/dirt.PNG and bound it to a model...
17-05-2021 19:33:33 :    Created Textured model using rawmodel in VAO 1
17-05-2021 19:33:33 :    Entering game loop...
17-05-2021 19:33:50 :    Exited game loop, closing display and exiting game...
17-05-2021 19:33:50 :    Deleted VAO 1...
17-05-2021 19:33:50 :    Deleted VBO 1...
17-05-2021 19:33:50 :    Deleted VBO 2...
17-05-2021 19:33:50 :    Deleted VBO 3...
17-05-2021 19:33:50 :    Deleted texture, ID: 1    File: textures/blocks/dirt.PNG ...
17-05-2021 19:33:50 :    Detached vertex shader from shader program...
17-05-2021 19:33:50 :    Detached fragment shader from shader program...
17-05-2021 19:33:50 :    Deleted vertex shader...
17-05-2021 19:33:50 :    Deleted fragment shader...
17-05-2021 19:33:50 :    Deleted shader program
17-05-2021 19:33:50 :    Detached vertex shader from shader program...
17-05-2021 19:33:50 :    Detached fragment shader from shader program...
17-05-2021 19:33:50 :    Deleted vertex shader...
17-05-2021 19:33:50 :    Deleted fragment shader...
17-05-2021 19:33:50 :    Deleted shader program
17-05-2021 19:33:50 :    Average FPS this game session: 120
17-05-2021 19:33:50 :    Average delta time (time taken to render) this game session: 56.30769
17-05-2021 19:33:50 :    LOGGING FINISHED
