LOGGING STARTED AT: 02-07-2022 16:00:55

02-07-2022 16:00:55 :    Starting game...
02-07-2022 16:00:56 :    Created display...
02-07-2022 16:00:56 :    Attached vertex shader to shader program...
02-07-2022 16:00:56 :    Attached fragment shader to shader program...
02-07-2022 16:00:56 :    Bound attribute position to VAO index 0...
02-07-2022 16:00:56 :    Bound attribute textureCoords to VAO index 1...
02-07-2022 16:00:56 :    Bound attribute normal to VAO index 2...
02-07-2022 16:00:56 :    Bound all shader attributes to shader program...
02-07-2022 16:00:56 :    Linked and validated shader program...
02-07-2022 16:00:56 :    Retrieved transformationMatrix location : 4
02-07-2022 16:00:56 :    Retrieved projectionMatrix location : 2
02-07-2022 16:00:56 :    Retrieved viewMatrix location : 5
02-07-2022 16:00:56 :    Retrieved lightPosition location : 1
02-07-2022 16:00:56 :    Retrieved lightColour location : 0
02-07-2022 16:00:56 :    Retrieved skyColour location : 3
02-07-2022 16:00:56 :    Finished retrieving uniform locations...
02-07-2022 16:00:56 :    Loaded asset src/shaders/vertexShader.glsl...
02-07-2022 16:00:56 :    Loaded asset src/shaders/fragmentShader.glsl...
02-07-2022 16:00:56 :    Attached vertex shader to shader program...
02-07-2022 16:00:56 :    Attached fragment shader to shader program...
02-07-2022 16:00:56 :    Bound attribute position to VAO index 0...
02-07-2022 16:00:56 :    Bound attribute textureCoords to VAO index 1...
02-07-2022 16:00:56 :    Bound attribute normal to VAO index 2...
02-07-2022 16:00:56 :    Bound all shader attributes to shader program...
02-07-2022 16:00:56 :    Linked and validated shader program...
02-07-2022 16:00:56 :    Retrieved transformationMatrix location : 4
02-07-2022 16:00:56 :    Retrieved projectionMatrix location : 2
02-07-2022 16:00:56 :    Retrieved viewMatrix location : 5
02-07-2022 16:00:56 :    Retrieved lightPosition location : 1
02-07-2022 16:00:56 :    Retrieved lightColour location : 0
02-07-2022 16:00:56 :    Retrieved skyColour location : 3
02-07-2022 16:00:56 :    Finished retrieving uniform locations...
02-07-2022 16:00:56 :    Loaded asset src/shaders/vertexShader.glsl...
02-07-2022 16:00:56 :    Loaded asset src/shaders/fragmentShader.glsl...
02-07-2022 16:00:56 :    Created MasterRenderer and Loader...
02-07-2022 16:00:56 :    Created ModelTexture using asset res/textures/blocks/pack ...
02-07-2022 16:00:56 :    Entering main game loop...
02-07-2022 16:00:56 :    Terrain handling thread starting...
02-07-2022 16:00:57 :    It took 815ms to generate this chunk mesh
02-07-2022 16:00:58 :    It took 670ms to generate this chunk mesh
02-07-2022 16:00:58 :    It took 361ms to generate this chunk mesh
02-07-2022 16:00:59 :    It took 286ms to generate this chunk mesh
02-07-2022 16:00:59 :    It took 337ms to generate this chunk mesh
02-07-2022 16:01:00 :    It took 356ms to generate this chunk mesh
02-07-2022 16:01:00 :    It took 334ms to generate this chunk mesh
02-07-2022 16:01:01 :    It took 568ms to generate this chunk mesh
02-07-2022 16:01:01 :    It took 450ms to generate this chunk mesh
02-07-2022 16:01:02 :    It took 318ms to generate this chunk mesh
02-07-2022 16:01:02 :    It took 350ms to generate this chunk mesh
02-07-2022 16:01:03 :    It took 430ms to generate this chunk mesh
02-07-2022 16:01:04 :    It took 643ms to generate this chunk mesh
02-07-2022 16:01:04 :    It took 326ms to generate this chunk mesh
02-07-2022 16:01:05 :    It took 334ms to generate this chunk mesh
02-07-2022 16:01:05 :    It took 333ms to generate this chunk mesh
02-07-2022 16:01:06 :    It took 337ms to generate this chunk mesh
02-07-2022 16:01:06 :    It took 378ms to generate this chunk mesh
02-07-2022 16:01:07 :    It took 368ms to generate this chunk mesh
02-07-2022 16:01:07 :    It took 329ms to generate this chunk mesh
02-07-2022 16:01:07 :    It took 305ms to generate this chunk mesh
02-07-2022 16:01:08 :    It took 342ms to generate this chunk mesh
02-07-2022 16:01:08 :    It took 339ms to generate this chunk mesh
02-07-2022 16:01:09 :    It took 349ms to generate this chunk mesh
02-07-2022 16:01:09 :    It took 351ms to generate this chunk mesh
02-07-2022 16:01:10 :    It took 322ms to generate this chunk mesh
02-07-2022 16:01:10 :    It took 370ms to generate this chunk mesh
02-07-2022 16:01:11 :    It took 403ms to generate this chunk mesh
02-07-2022 16:01:11 :    It took 332ms to generate this chunk mesh
02-07-2022 16:01:12 :    It took 315ms to generate this chunk mesh
02-07-2022 16:01:12 :    It took 346ms to generate this chunk mesh
02-07-2022 16:01:13 :    It took 527ms to generate this chunk mesh
02-07-2022 16:01:13 :    It took 414ms to generate this chunk mesh
02-07-2022 16:01:14 :    It took 423ms to generate this chunk mesh
02-07-2022 16:01:14 :    It took 357ms to generate this chunk mesh
02-07-2022 16:01:15 :    It took 357ms to generate this chunk mesh
02-07-2022 16:01:15 :    It took 387ms to generate this chunk mesh
02-07-2022 16:01:16 :    It took 352ms to generate this chunk mesh
02-07-2022 16:01:16 :    It took 528ms to generate this chunk mesh
02-07-2022 16:01:17 :    It took 379ms to generate this chunk mesh
02-07-2022 16:01:18 :    It took 362ms to generate this chunk mesh
02-07-2022 16:01:18 :    It took 314ms to generate this chunk mesh
02-07-2022 16:01:18 :    It took 298ms to generate this chunk mesh
02-07-2022 16:01:19 :    It took 298ms to generate this chunk mesh
02-07-2022 16:01:19 :    It took 334ms to generate this chunk mesh
02-07-2022 16:01:20 :    It took 383ms to generate this chunk mesh
02-07-2022 16:01:20 :    It took 387ms to generate this chunk mesh
02-07-2022 16:01:21 :    It took 400ms to generate this chunk mesh
02-07-2022 16:01:21 :    It took 326ms to generate this chunk mesh
02-07-2022 16:01:22 :    It took 385ms to generate this chunk mesh
02-07-2022 16:01:22 :    It took 335ms to generate this chunk mesh
02-07-2022 16:01:23 :    It took 291ms to generate this chunk mesh
02-07-2022 16:01:23 :    It took 215ms to generate this chunk mesh
02-07-2022 16:01:23 :    It took 232ms to generate this chunk mesh
02-07-2022 16:01:24 :    It took 221ms to generate this chunk mesh
02-07-2022 16:01:24 :    It took 174ms to generate this chunk mesh
02-07-2022 16:01:24 :    It took 210ms to generate this chunk mesh
02-07-2022 16:01:25 :    It took 328ms to generate this chunk mesh
02-07-2022 16:01:25 :    It took 340ms to generate this chunk mesh
02-07-2022 16:01:26 :    It took 406ms to generate this chunk mesh
02-07-2022 16:01:26 :    It took 324ms to generate this chunk mesh
02-07-2022 16:01:27 :    It took 334ms to generate this chunk mesh
02-07-2022 16:01:27 :    It took 300ms to generate this chunk mesh
02-07-2022 16:01:28 :    It took 216ms to generate this chunk mesh
02-07-2022 16:01:28 :    It took 274ms to generate this chunk mesh
02-07-2022 16:01:28 :    It took 368ms to generate this chunk mesh
02-07-2022 16:01:29 :    It took 349ms to generate this chunk mesh
02-07-2022 16:01:29 :    It took 281ms to generate this chunk mesh
02-07-2022 16:01:30 :    It took 204ms to generate this chunk mesh
02-07-2022 16:01:30 :    It took 198ms to generate this chunk mesh
02-07-2022 16:01:30 :    It took 314ms to generate this chunk mesh
02-07-2022 16:01:31 :    It took 349ms to generate this chunk mesh
02-07-2022 16:01:31 :    It took 369ms to generate this chunk mesh
02-07-2022 16:01:32 :    It took 361ms to generate this chunk mesh
02-07-2022 16:01:32 :    It took 308ms to generate this chunk mesh
02-07-2022 16:01:33 :    It took 272ms to generate this chunk mesh
02-07-2022 16:01:33 :    It took 304ms to generate this chunk mesh
02-07-2022 16:01:34 :    It took 415ms to generate this chunk mesh
02-07-2022 16:01:34 :    It took 413ms to generate this chunk mesh
02-07-2022 16:01:35 :    It took 322ms to generate this chunk mesh
02-07-2022 16:01:35 :    It took 229ms to generate this chunk mesh
02-07-2022 16:01:35 :    It took 283ms to generate this chunk mesh
02-07-2022 16:01:36 :    It took 454ms to generate this chunk mesh
02-07-2022 16:01:37 :    It took 462ms to generate this chunk mesh
02-07-2022 16:01:37 :    It took 550ms to generate this chunk mesh
02-07-2022 16:01:38 :    It took 503ms to generate this chunk mesh
02-07-2022 16:01:39 :    It took 386ms to generate this chunk mesh
02-07-2022 16:01:39 :    It took 415ms to generate this chunk mesh
02-07-2022 16:01:40 :    It took 296ms to generate this chunk mesh
02-07-2022 16:01:40 :    It took 291ms to generate this chunk mesh
02-07-2022 16:01:41 :    It took 251ms to generate this chunk mesh
02-07-2022 16:01:41 :    It took 292ms to generate this chunk mesh
02-07-2022 16:01:42 :    It took 325ms to generate this chunk mesh
02-07-2022 16:01:42 :    Exited game loop, closing display and exiting game...
02-07-2022 16:01:42 :    Detached vertex shader from shader program...
02-07-2022 16:01:42 :    Detached fragment shader from shader program...
02-07-2022 16:01:42 :    Deleted vertex shader...
02-07-2022 16:01:42 :    Deleted fragment shader...
02-07-2022 16:01:42 :    Deleted shader program
02-07-2022 16:01:42 :    Detached vertex shader from shader program...
02-07-2022 16:01:42 :    Detached fragment shader from shader program...
02-07-2022 16:01:42 :    It took 502ms to generate this chunk mesh
02-07-2022 16:01:42 :    Deleted vertex shader...
02-07-2022 16:01:42 :    Deleted fragment shader...
02-07-2022 16:01:42 :    Deleted shader program
02-07-2022 16:01:43 :    Average FPS this game session: 73
02-07-2022 16:01:43 :    Average delta time (time taken to render) this game session: 0.033683177
02-07-2022 16:01:43 :    LOGGING FINISHED
