LOGGING STARTED AT: 02-06-2021 12:19:07

02-06-2021 12:19:07 :    Starting game...
02-06-2021 12:19:07 :    Created display...
02-06-2021 12:19:07 :    Attached vertex shader to shader program...
02-06-2021 12:19:07 :    Attached fragment shader to shader program...
02-06-2021 12:19:07 :    Bound attribute position to VAO index 0...
02-06-2021 12:19:07 :    Bound attribute textureCoords to VAO index 1...
02-06-2021 12:19:07 :    Bound all shader attributes to shader program...
02-06-2021 12:19:07 :    Linked and validated shader program...
02-06-2021 12:19:07 :    Retrieved transformationMatrix location : 2
02-06-2021 12:19:07 :    Retrieved projectionMatrix location : 0
02-06-2021 12:19:07 :    Retrieved viewMatrix location : 3
02-06-2021 12:19:07 :    Retrieved skyColour location : 1
02-06-2021 12:19:07 :    Finished retrieving uniform locations...
02-06-2021 12:19:07 :    Loaded asset src/shaders/vertexShader.glsl...
02-06-2021 12:19:07 :    Loaded asset src/shaders/fragmentShader.glsl...
02-06-2021 12:19:07 :    Attached vertex shader to shader program...
02-06-2021 12:19:08 :    Attached fragment shader to shader program...
02-06-2021 12:19:08 :    Bound attribute position to VAO index 0...
02-06-2021 12:19:08 :    Bound attribute textureCoords to VAO index 1...
02-06-2021 12:19:08 :    Bound all shader attributes to shader program...
02-06-2021 12:19:08 :    Linked and validated shader program...
02-06-2021 12:19:08 :    Retrieved transformationMatrix location : 2
02-06-2021 12:19:08 :    Retrieved projectionMatrix location : 0
02-06-2021 12:19:08 :    Retrieved viewMatrix location : 3
02-06-2021 12:19:08 :    Retrieved skyColour location : 1
02-06-2021 12:19:08 :    Finished retrieving uniform locations...
02-06-2021 12:19:08 :    Loaded asset src/shaders/vertexShader.glsl...
02-06-2021 12:19:08 :    Loaded asset src/shaders/fragmentShader.glsl...
02-06-2021 12:19:08 :    Created MasterRenderer and Loader...
02-06-2021 12:19:08 :    Created ModelTexture using asset res/textures/blocks/pack ...
02-06-2021 12:19:08 :    Terrain generating thread starting...
02-06-2021 12:19:08 :    Entering main game loop...
02-06-2021 12:19:25 :    Exited game loop, closing display and exiting game...
02-06-2021 12:19:25 :    Detached vertex shader from shader program...
02-06-2021 12:19:25 :    Detached fragment shader from shader program...
02-06-2021 12:19:25 :    Deleted vertex shader...
02-06-2021 12:19:25 :    Deleted fragment shader...
02-06-2021 12:19:25 :    Deleted shader program
02-06-2021 12:19:25 :    Detached vertex shader from shader program...
02-06-2021 12:19:25 :    Detached fragment shader from shader program...
02-06-2021 12:19:25 :    Deleted vertex shader...
02-06-2021 12:19:25 :    Deleted fragment shader...
02-06-2021 12:19:25 :    Deleted shader program
02-06-2021 12:19:25 :    Average FPS this game session: 222
02-06-2021 12:19:25 :    Average delta time (time taken to render) this game session: 0.008353471
02-06-2021 12:19:25 :    LOGGING FINISHED
